Using pre-set license
Built from '2021.3/staging' branch; Version is '2021.3.19f1 (c9714fde33b6) revision 13201743'; Using compiler version '192829333'; Build Type 'Release'
OS: 'Windows 11  (10.0.22000) 64bit CoreSingleLanguage' Language: 'ru' Physical Memory: 16225 MB
BatchMode: 1, IsHumanControllingUs: 0, StartBugReporterOnCrash: 0, Is64bit: 1, IsPro: 1

COMMAND LINE ARGUMENTS:
C:\Program Files\Unity\Hub\Editor\2021.3.19f1\Editor\Unity.exe
-adb2
-batchMode
-noUpm
-name
AssetImportWorker7
-projectPath
C:/Users/vipvi/OneDrive/Documents/GitHub/Alchemy2/Alchemy
-logFile
Logs/AssetImportWorker7.log
-srvPort
63977
Successfully changed project path to: C:/Users/vipvi/OneDrive/Documents/GitHub/Alchemy2/Alchemy
C:/Users/vipvi/OneDrive/Documents/GitHub/Alchemy2/Alchemy
[UnityMemory] Configuration Parameters - Can be set up in boot.config
    "memorysetup-bucket-allocator-granularity=16"
    "memorysetup-bucket-allocator-bucket-count=8"
    "memorysetup-bucket-allocator-block-size=33554432"
    "memorysetup-bucket-allocator-block-count=8"
    "memorysetup-main-allocator-block-size=16777216"
    "memorysetup-thread-allocator-block-size=16777216"
    "memorysetup-gfx-main-allocator-block-size=16777216"
    "memorysetup-gfx-thread-allocator-block-size=16777216"
    "memorysetup-cache-allocator-block-size=4194304"
    "memorysetup-typetree-allocator-block-size=2097152"
    "memorysetup-profiler-bucket-allocator-granularity=16"
    "memorysetup-profiler-bucket-allocator-bucket-count=8"
    "memorysetup-profiler-bucket-allocator-block-size=33554432"
    "memorysetup-profiler-bucket-allocator-block-count=8"
    "memorysetup-profiler-allocator-block-size=16777216"
    "memorysetup-profiler-editor-allocator-block-size=1048576"
    "memorysetup-temp-allocator-size-main=16777216"
    "memorysetup-job-temp-allocator-block-size=2097152"
    "memorysetup-job-temp-allocator-block-size-background=1048576"
    "memorysetup-job-temp-allocator-reduction-small-platforms=262144"
    "memorysetup-temp-allocator-size-background-worker=32768"
    "memorysetup-temp-allocator-size-job-worker=262144"
    "memorysetup-temp-allocator-size-preload-manager=33554432"
    "memorysetup-temp-allocator-size-nav-mesh-worker=65536"
    "memorysetup-temp-allocator-size-audio-worker=65536"
    "memorysetup-temp-allocator-size-cloud-worker=32768"
    "memorysetup-temp-allocator-size-gi-baking-worker=262144"
    "memorysetup-temp-allocator-size-gfx=262144"
Player connection [26408] Host "[IP] 192.168.0.10 [Port] 0 [Flags] 2 [Guid] 1579549990 [EditorId] 1579549990 [Version] 1048832 [Id] WindowsEditor(7,SuperPK) [Debug] 1 [PackageName] WindowsEditor [ProjectName] Editor" joined multi-casting on [225.0.0.222:54997]...

Player connection [26408] Host "[IP] 192.168.0.10 [Port] 0 [Flags] 2 [Guid] 1579549990 [EditorId] 1579549990 [Version] 1048832 [Id] WindowsEditor(7,SuperPK) [Debug] 1 [PackageName] WindowsEditor [ProjectName] Editor" joined alternative multi-casting on [225.0.0.222:34997]...

Refreshing native plugins compatible for Editor in 63.37 ms, found 4 plugins.
Preloading 0 native plugins for Editor in 0.00 ms.
Initialize engine version: 2021.3.19f1 (c9714fde33b6)
[Subsystems] Discovering subsystems at path C:/Program Files/Unity/Hub/Editor/2021.3.19f1/Editor/Data/Resources/UnitySubsystems
[Subsystems] Discovering subsystems at path C:/Users/vipvi/OneDrive/Documents/GitHub/Alchemy2/Alchemy/Assets
GfxDevice: creating device client; threaded=0; jobified=0
Direct3D:
    Version:  Direct3D 11.0 [level 11.1]
    Renderer: NVIDIA GeForce RTX 3060 Ti (ID=0x2489)
    Vendor:   NVIDIA
    VRAM:     8038 MB
    Driver:   31.0.15.2756
Initialize mono
Mono path[0] = 'C:/Program Files/Unity/Hub/Editor/2021.3.19f1/Editor/Data/Managed'
Mono path[1] = 'C:/Program Files/Unity/Hub/Editor/2021.3.19f1/Editor/Data/MonoBleedingEdge/lib/mono/unityjit-win32'
Mono config path = 'C:/Program Files/Unity/Hub/Editor/2021.3.19f1/Editor/Data/MonoBleedingEdge/etc'
Using monoOptions --debugger-agent=transport=dt_socket,embedding=1,server=y,suspend=n,address=127.0.0.1:56544
Begin MonoManager ReloadAssembly
Registering precompiled unity dll's ...
Register platform support module: C:/Program Files/Unity/Hub/Editor/2021.3.19f1/Editor/Data/PlaybackEngines/WebGLSupport/UnityEditor.WebGL.Extensions.dll
Register platform support module: C:/Program Files/Unity/Hub/Editor/2021.3.19f1/Editor/Data/PlaybackEngines/AndroidPlayer/UnityEditor.Android.Extensions.dll
Register platform support module: C:/Program Files/Unity/Hub/Editor/2021.3.19f1/Editor/Data/PlaybackEngines/iOSSupport/UnityEditor.iOS.Extensions.dll
Register platform support module: C:/Program Files/Unity/Hub/Editor/2021.3.19f1/Editor/Data/PlaybackEngines/WindowsStandaloneSupport/UnityEditor.WindowsStandalone.Extensions.dll
Registered in 0.003324 seconds.
Native extension for WindowsStandalone target not found
[usbmuxd] Start listen thread
[usbmuxd] Listen thread started
Native extension for iOS target not found
Native extension for Android target not found
Android Extension - Scanning For ADB Devices 202 ms
Native extension for WebGL target not found
Refreshing native plugins compatible for Editor in 63.58 ms, found 4 plugins.
Preloading 0 native plugins for Editor in 0.00 ms.
Mono: successfully reloaded assembly
- Completed reload, in  0.632 seconds
Domain Reload Profiling:
	ReloadAssembly (633ms)
		BeginReloadAssembly (46ms)
			ExecutionOrderSort (0ms)
			DisableScriptedObjects (0ms)
			BackupInstance (0ms)
			ReleaseScriptingObjects (0ms)
			CreateAndSetChildDomain (1ms)
		EndReloadAssembly (518ms)
			LoadAssemblies (45ms)
			RebuildTransferFunctionScriptingTraits (0ms)
			SetupTypeCache (64ms)
			ReleaseScriptCaches (0ms)
			RebuildScriptCaches (19ms)
			SetupLoadedEditorAssemblies (403ms)
				LogAssemblyErrors (0ms)
				InitializePlatformSupportModulesInManaged (254ms)
				SetLoadedEditorAssemblies (0ms)
				RefreshPlugins (64ms)
				BeforeProcessingInitializeOnLoad (1ms)
				ProcessInitializeOnLoadAttributes (56ms)
				ProcessInitializeOnLoadMethodAttributes (28ms)
				AfterProcessingInitializeOnLoad (0ms)
				EditorAssembliesLoaded (0ms)
			ExecutionOrderSort2 (0ms)
			AwakeInstancesAfterBackupRestoration (0ms)
Platform modules already initialized, skipping
Registering precompiled user dll's ...
Registered in 0.003172 seconds.
Begin MonoManager ReloadAssembly
Symbol file LoadedFromMemory doesn't match image C:\Users\vipvi\OneDrive\Documents\GitHub\Alchemy2\Alchemy\Library\PackageCache\com.unity.visualscripting@1.8.0\Editor\VisualScripting.Core\Dependencies\YamlDotNet\Unity.VisualScripting.YamlDotNet.dll
Symbol file LoadedFromMemory doesn't match image C:\Users\vipvi\OneDrive\Documents\GitHub\Alchemy2\Alchemy\Library\PackageCache\com.unity.visualscripting@1.8.0\Editor\VisualScripting.Core\Dependencies\DotNetZip\Unity.VisualScripting.IonicZip.dll
Native extension for WindowsStandalone target not found
Native extension for iOS target not found
Native extension for Android target not found
Native extension for WebGL target not found
Refreshing native plugins compatible for Editor in 53.26 ms, found 4 plugins.
Preloading 0 native plugins for Editor in 0.00 ms.
Mono: successfully reloaded assembly
- Completed reload, in  0.696 seconds
Domain Reload Profiling:
	ReloadAssembly (696ms)
		BeginReloadAssembly (68ms)
			ExecutionOrderSort (0ms)
			DisableScriptedObjects (4ms)
			BackupInstance (0ms)
			ReleaseScriptingObjects (0ms)
			CreateAndSetChildDomain (12ms)
		EndReloadAssembly (552ms)
			LoadAssemblies (52ms)
			RebuildTransferFunctionScriptingTraits (0ms)
			SetupTypeCache (146ms)
			ReleaseScriptCaches (0ms)
			RebuildScriptCaches (33ms)
			SetupLoadedEditorAssemblies (287ms)
				LogAssemblyErrors (0ms)
				InitializePlatformSupportModulesInManaged (17ms)
				SetLoadedEditorAssemblies (0ms)
				RefreshPlugins (53ms)
				BeforeProcessingInitializeOnLoad (52ms)
				ProcessInitializeOnLoadAttributes (136ms)
				ProcessInitializeOnLoadMethodAttributes (26ms)
				AfterProcessingInitializeOnLoad (3ms)
				EditorAssembliesLoaded (0ms)
			ExecutionOrderSort2 (0ms)
			AwakeInstancesAfterBackupRestoration (4ms)
Platform modules already initialized, skipping
========================================================================
Worker process is ready to serve import requests
Launched and connected shader compiler UnityShaderCompiler.exe after 0.03 seconds
Refreshing native plugins compatible for Editor in 0.41 ms, found 4 plugins.
Preloading 0 native plugins for Editor in 0.00 ms.
Unloading 3801 Unused Serialized files (Serialized files now loaded: 0)
Unloading 41 unused Assets / (229.0 KB). Loaded Objects now: 4258.
Memory consumption went from 146.5 MB to 146.3 MB.
Total: 2.216600 ms (FindLiveObjects: 0.153300 ms CreateObjectMapping: 0.101900 ms MarkObjects: 1.849400 ms  DeleteObjects: 0.111200 ms)

AssetImportParameters requested are different than current active one (requested -> active):
  custom:video-decoder-ogg-theora: a1e56fd34408186e4bbccfd4996cb3dc -> 
  custom:container-muxer-webm: aa71ff27fc2769a1b78a27578f13a17b -> 
  custom:container-demuxer-webm: 4f35f7cbe854078d1ac9338744f61a02 -> 
  custom:video-encoder-webm-vp8: eb34c28f22e8b96e1ab97ce403110664 -> 
  custom:video-codec-MediaFoundation-h265: 746d11721c4dcdbdad8f713fa42b33f4 -> 
  custom:audio-encoder-webm-vorbis: bf7c407c2cedff20999df2af8eb42d56 -> 
  custom:framework-win-MediaFoundation: 216162199b28c13a410421893ffa2e32 -> 
  custom:container-demuxer-ogg: 62fdf1f143b41e24485cea50d1cbac27 -> 
  custom:video-decoder-webm-vp8: 9c59270c3fd7afecdb556c50c9e8de78 -> 
  custom:audio-decoder-ogg-vorbis: bf7c407c2cedff20999df2af8eb42d56 -> 
========================================================================
Received Import Request.
  Time since last request: 40044.964503 seconds.
  path: Assets/Resources/Prefabs/3 Tree.prefab
  artifactKey: Guid(2ad3c95402ff3b748b6404698cf90a56) Importer(815301076,1909f56bfc062723c751e8b465ee728b)
Start importing Assets/Resources/Prefabs/3 Tree.prefab using Guid(2ad3c95402ff3b748b6404698cf90a56) Importer(815301076,1909f56bfc062723c751e8b465ee728b)  -> (artifact id: '8e5d057c2cdc1b1136805603badd894e') in 0.018040 seconds 
========================================================================
Received Import Request.
  Time since last request: 0.000022 seconds.
  path: Assets/Resources/Prefabs/7 Frost.prefab
  artifactKey: Guid(32b3c2922058c5349b984fe7b508dd57) Importer(815301076,1909f56bfc062723c751e8b465ee728b)
Start importing Assets/Resources/Prefabs/7 Frost.prefab using Guid(32b3c2922058c5349b984fe7b508dd57) Importer(815301076,1909f56bfc062723c751e8b465ee728b)  -> (artifact id: '21affbda7075c194622e0f2f8449a247') in 0.001074 seconds 
========================================================================
Received Import Request.
  Time since last request: 0.000022 seconds.
  path: Assets/Resources/Prefabs/9 Sky.prefab
  artifactKey: Guid(20d5f152d985d00478e27cab1f3cdba4) Importer(815301076,1909f56bfc062723c751e8b465ee728b)
Start importing Assets/Resources/Prefabs/9 Sky.prefab using Guid(20d5f152d985d00478e27cab1f3cdba4) Importer(815301076,1909f56bfc062723c751e8b465ee728b)  -> (artifact id: 'a6f3ac7b68271332fc575d383fe4be94') in 0.001226 seconds 
========================================================================
Received Import Request.
  Time since last request: 0.000018 seconds.
  path: Assets/Resources/Prefabs/8 Ice.prefab
  artifactKey: Guid(e426be0da9791bc4ca887c30083f8aa1) Importer(815301076,1909f56bfc062723c751e8b465ee728b)
Start importing Assets/Resources/Prefabs/8 Ice.prefab using Guid(e426be0da9791bc4ca887c30083f8aa1) Importer(815301076,1909f56bfc062723c751e8b465ee728b)  -> (artifact id: '0f329247e3cdcb7e7f6c64231b9f9d38') in 0.001174 seconds 
========================================================================
Received Import Request.
  Time since last request: 0.000013 seconds.
  path: Assets/Resources/Prefabs/6 Wind.prefab
  artifactKey: Guid(1faf189e5c4d1454981a55d48036f412) Importer(815301076,1909f56bfc062723c751e8b465ee728b)
Start importing Assets/Resources/Prefabs/6 Wind.prefab using Guid(1faf189e5c4d1454981a55d48036f412) Importer(815301076,1909f56bfc062723c751e8b465ee728b)  -> (artifact id: 'c9a8fb348f36351135f64d39f4819c5a') in 0.001120 seconds 
========================================================================
Received Import Request.
  Time since last request: 8.727691 seconds.
  path: Assets/Resources/Prefabs/6 Wind.prefab
  artifactKey: Guid(1faf189e5c4d1454981a55d48036f412) Importer(815301076,1909f56bfc062723c751e8b465ee728b)
Start importing Assets/Resources/Prefabs/6 Wind.prefab using Guid(1faf189e5c4d1454981a55d48036f412) Importer(815301076,1909f56bfc062723c751e8b465ee728b)  -> (artifact id: 'c9a8fb348f36351135f64d39f4819c5a') in 0.000977 seconds 
========================================================================
Received Import Request.
  Time since last request: 0.000016 seconds.
  path: Assets/Resources/Prefabs/10 Sun.prefab
  artifactKey: Guid(e612d19e3500a644498856b25c8ab6ed) Importer(815301076,1909f56bfc062723c751e8b465ee728b)
Start importing Assets/Resources/Prefabs/10 Sun.prefab using Guid(e612d19e3500a644498856b25c8ab6ed) Importer(815301076,1909f56bfc062723c751e8b465ee728b)  -> (artifact id: '7a8bace4a12e461a80ed78dea9b5c9a3') in 0.000844 seconds 
========================================================================
Received Import Request.
  Time since last request: 0.000012 seconds.
  path: Assets/Resources/Prefabs/11 Heat.prefab
  artifactKey: Guid(1915b87030677834186bdb22b055cc64) Importer(815301076,1909f56bfc062723c751e8b465ee728b)
Start importing Assets/Resources/Prefabs/11 Heat.prefab using Guid(1915b87030677834186bdb22b055cc64) Importer(815301076,1909f56bfc062723c751e8b465ee728b)  -> (artifact id: 'f9cb9e18cb464d1f27622299ac8401a2') in 0.000833 seconds 
========================================================================
Received Import Request.
  Time since last request: 0.000014 seconds.
  path: Assets/Resources/Prefabs/7 Frost.prefab
  artifactKey: Guid(32b3c2922058c5349b984fe7b508dd57) Importer(815301076,1909f56bfc062723c751e8b465ee728b)
Start importing Assets/Resources/Prefabs/7 Frost.prefab using Guid(32b3c2922058c5349b984fe7b508dd57) Importer(815301076,1909f56bfc062723c751e8b465ee728b)  -> (artifact id: '21affbda7075c194622e0f2f8449a247') in 0.000994 seconds 
========================================================================
Received Import Request.
  Time since last request: 0.000015 seconds.
  path: Assets/Resources/Prefabs/9 Sky.prefab
  artifactKey: Guid(20d5f152d985d00478e27cab1f3cdba4) Importer(815301076,1909f56bfc062723c751e8b465ee728b)
Start importing Assets/Resources/Prefabs/9 Sky.prefab using Guid(20d5f152d985d00478e27cab1f3cdba4) Importer(815301076,1909f56bfc062723c751e8b465ee728b)  -> (artifact id: 'a6f3ac7b68271332fc575d383fe4be94') in 0.000892 seconds 
========================================================================
Received Import Request.
  Time since last request: 4.692857 seconds.
  path: Assets/Resources/Prefabs/7 Frost.prefab
  artifactKey: Guid(32b3c2922058c5349b984fe7b508dd57) Importer(815301076,1909f56bfc062723c751e8b465ee728b)
Start importing Assets/Resources/Prefabs/7 Frost.prefab using Guid(32b3c2922058c5349b984fe7b508dd57) Importer(815301076,1909f56bfc062723c751e8b465ee728b)  -> (artifact id: '21affbda7075c194622e0f2f8449a247') in 0.001133 seconds 
========================================================================
Received Import Request.
  Time since last request: 0.000021 seconds.
  path: Assets/Resources/Prefabs/10 Sun.prefab
  artifactKey: Guid(e612d19e3500a644498856b25c8ab6ed) Importer(815301076,1909f56bfc062723c751e8b465ee728b)
Start importing Assets/Resources/Prefabs/10 Sun.prefab using Guid(e612d19e3500a644498856b25c8ab6ed) Importer(815301076,1909f56bfc062723c751e8b465ee728b)  -> (artifact id: '7a8bace4a12e461a80ed78dea9b5c9a3') in 0.001015 seconds 
========================================================================
Received Import Request.
  Time since last request: 0.000020 seconds.
  path: Assets/Resources/Prefabs/11 Heat.prefab
  artifactKey: Guid(1915b87030677834186bdb22b055cc64) Importer(815301076,1909f56bfc062723c751e8b465ee728b)
Start importing Assets/Resources/Prefabs/11 Heat.prefab using Guid(1915b87030677834186bdb22b055cc64) Importer(815301076,1909f56bfc062723c751e8b465ee728b)  -> (artifact id: 'f9cb9e18cb464d1f27622299ac8401a2') in 0.000947 seconds 
========================================================================
Received Import Request.
  Time since last request: 0.000014 seconds.
  path: Assets/Resources/Prefabs/9 Sky.prefab
  artifactKey: Guid(20d5f152d985d00478e27cab1f3cdba4) Importer(815301076,1909f56bfc062723c751e8b465ee728b)
Start importing Assets/Resources/Prefabs/9 Sky.prefab using Guid(20d5f152d985d00478e27cab1f3cdba4) Importer(815301076,1909f56bfc062723c751e8b465ee728b)  -> (artifact id: 'a6f3ac7b68271332fc575d383fe4be94') in 0.000916 seconds 
========================================================================
Received Import Request.
  Time since last request: 4.043917 seconds.
  path: Assets/Resources/Prefabs/9 Sky.prefab
  artifactKey: Guid(20d5f152d985d00478e27cab1f3cdba4) Importer(815301076,1909f56bfc062723c751e8b465ee728b)
Start importing Assets/Resources/Prefabs/9 Sky.prefab using Guid(20d5f152d985d00478e27cab1f3cdba4) Importer(815301076,1909f56bfc062723c751e8b465ee728b)  -> (artifact id: 'a6f3ac7b68271332fc575d383fe4be94') in 0.000879 seconds 
========================================================================
Received Import Request.
  Time since last request: 0.000016 seconds.
  path: Assets/Resources/Prefabs/10 Sun.prefab
  artifactKey: Guid(e612d19e3500a644498856b25c8ab6ed) Importer(815301076,1909f56bfc062723c751e8b465ee728b)
Start importing Assets/Resources/Prefabs/10 Sun.prefab using Guid(e612d19e3500a644498856b25c8ab6ed) Importer(815301076,1909f56bfc062723c751e8b465ee728b)  -> (artifact id: '7a8bace4a12e461a80ed78dea9b5c9a3') in 0.000881 seconds 
========================================================================
Received Import Request.
  Time since last request: 0.000018 seconds.
  path: Assets/Resources/Prefabs/11 Heat.prefab
  artifactKey: Guid(1915b87030677834186bdb22b055cc64) Importer(815301076,1909f56bfc062723c751e8b465ee728b)
Start importing Assets/Resources/Prefabs/11 Heat.prefab using Guid(1915b87030677834186bdb22b055cc64) Importer(815301076,1909f56bfc062723c751e8b465ee728b)  -> (artifact id: 'f9cb9e18cb464d1f27622299ac8401a2') in 0.000829 seconds 
========================================================================
Received Import Request.
  Time since last request: 4.783124 seconds.
  path: Assets/Resources/Prefabs/10 Sun.prefab
  artifactKey: Guid(e612d19e3500a644498856b25c8ab6ed) Importer(815301076,1909f56bfc062723c751e8b465ee728b)
Start importing Assets/Resources/Prefabs/10 Sun.prefab using Guid(e612d19e3500a644498856b25c8ab6ed) Importer(815301076,1909f56bfc062723c751e8b465ee728b)  -> (artifact id: '7a8bace4a12e461a80ed78dea9b5c9a3') in 0.000883 seconds 
========================================================================
Received Import Request.
  Time since last request: 0.000017 seconds.
  path: Assets/Resources/Prefabs/11 Heat.prefab
  artifactKey: Guid(1915b87030677834186bdb22b055cc64) Importer(815301076,1909f56bfc062723c751e8b465ee728b)
Start importing Assets/Resources/Prefabs/11 Heat.prefab using Guid(1915b87030677834186bdb22b055cc64) Importer(815301076,1909f56bfc062723c751e8b465ee728b)  -> (artifact id: 'f9cb9e18cb464d1f27622299ac8401a2') in 0.000850 seconds 
========================================================================
Received Import Request.
  Time since last request: 6.750484 seconds.
  path: Assets/Resources/Prefabs/11 Heat.prefab
  artifactKey: Guid(1915b87030677834186bdb22b055cc64) Importer(815301076,1909f56bfc062723c751e8b465ee728b)
Start importing Assets/Resources/Prefabs/11 Heat.prefab using Guid(1915b87030677834186bdb22b055cc64) Importer(815301076,1909f56bfc062723c751e8b465ee728b)  -> (artifact id: 'f9cb9e18cb464d1f27622299ac8401a2') in 0.001063 seconds 
Editor requested this worker to shutdown with reason: Scaling down because of idle timeout
AssetImportWorker is now disconnected from the server
Process exiting
Exiting without the bug reporter. Application will terminate with return code 0