Using pre-set license
Built from '2021.3/staging' branch; Version is '2021.3.19f1 (c9714fde33b6) revision 13201743'; Using compiler version '192829333'; Build Type 'Release'
OS: 'Windows 11  (10.0.22000) 64bit CoreSingleLanguage' Language: 'ru' Physical Memory: 16225 MB
BatchMode: 1, IsHumanControllingUs: 0, StartBugReporterOnCrash: 0, Is64bit: 1, IsPro: 1

COMMAND LINE ARGUMENTS:
C:\Program Files\Unity\Hub\Editor\2021.3.19f1\Editor\Unity.exe
-adb2
-batchMode
-noUpm
-name
AssetImportWorker0
-projectPath
C:/Users/vipvi/OneDrive/Documents/GitHub/Alchemy/Alchemy
-logFile
Logs/AssetImportWorker0.log
-srvPort
59228
Successfully changed project path to: C:/Users/vipvi/OneDrive/Documents/GitHub/Alchemy/Alchemy
C:/Users/vipvi/OneDrive/Documents/GitHub/Alchemy/Alchemy
[UnityMemory] Configuration Parameters - Can be set up in boot.config
    "memorysetup-bucket-allocator-granularity=16"
    "memorysetup-bucket-allocator-bucket-count=8"
    "memorysetup-bucket-allocator-block-size=33554432"
    "memorysetup-bucket-allocator-block-count=8"
    "memorysetup-main-allocator-block-size=16777216"
    "memorysetup-thread-allocator-block-size=16777216"
    "memorysetup-gfx-main-allocator-block-size=16777216"
    "memorysetup-gfx-thread-allocator-block-size=16777216"
    "memorysetup-cache-allocator-block-size=4194304"
    "memorysetup-typetree-allocator-block-size=2097152"
    "memorysetup-profiler-bucket-allocator-granularity=16"
    "memorysetup-profiler-bucket-allocator-bucket-count=8"
    "memorysetup-profiler-bucket-allocator-block-size=33554432"
    "memorysetup-profiler-bucket-allocator-block-count=8"
    "memorysetup-profiler-allocator-block-size=16777216"
    "memorysetup-profiler-editor-allocator-block-size=1048576"
    "memorysetup-temp-allocator-size-main=16777216"
    "memorysetup-job-temp-allocator-block-size=2097152"
    "memorysetup-job-temp-allocator-block-size-background=1048576"
    "memorysetup-job-temp-allocator-reduction-small-platforms=262144"
    "memorysetup-temp-allocator-size-background-worker=32768"
    "memorysetup-temp-allocator-size-job-worker=262144"
    "memorysetup-temp-allocator-size-preload-manager=33554432"
    "memorysetup-temp-allocator-size-nav-mesh-worker=65536"
    "memorysetup-temp-allocator-size-audio-worker=65536"
    "memorysetup-temp-allocator-size-cloud-worker=32768"
    "memorysetup-temp-allocator-size-gi-baking-worker=262144"
    "memorysetup-temp-allocator-size-gfx=262144"
Player connection [16728] Host "[IP] 192.168.0.10 [Port] 0 [Flags] 2 [Guid] 67112295 [EditorId] 67112295 [Version] 1048832 [Id] WindowsEditor(7,SuperPK) [Debug] 1 [PackageName] WindowsEditor [ProjectName] Editor" joined multi-casting on [225.0.0.222:54997]...

Player connection [16728] Host "[IP] 192.168.0.10 [Port] 0 [Flags] 2 [Guid] 67112295 [EditorId] 67112295 [Version] 1048832 [Id] WindowsEditor(7,SuperPK) [Debug] 1 [PackageName] WindowsEditor [ProjectName] Editor" joined alternative multi-casting on [225.0.0.222:34997]...

Refreshing native plugins compatible for Editor in 62.90 ms, found 4 plugins.
Preloading 0 native plugins for Editor in 0.00 ms.
Initialize engine version: 2021.3.19f1 (c9714fde33b6)
[Subsystems] Discovering subsystems at path C:/Program Files/Unity/Hub/Editor/2021.3.19f1/Editor/Data/Resources/UnitySubsystems
[Subsystems] Discovering subsystems at path C:/Users/vipvi/OneDrive/Documents/GitHub/Alchemy/Alchemy/Assets
GfxDevice: creating device client; threaded=0; jobified=0
Direct3D:
    Version:  Direct3D 11.0 [level 11.1]
    Renderer: NVIDIA GeForce RTX 3060 Ti (ID=0x2489)
    Vendor:   NVIDIA
    VRAM:     8038 MB
    Driver:   31.0.15.2756
Initialize mono
Mono path[0] = 'C:/Program Files/Unity/Hub/Editor/2021.3.19f1/Editor/Data/Managed'
Mono path[1] = 'C:/Program Files/Unity/Hub/Editor/2021.3.19f1/Editor/Data/MonoBleedingEdge/lib/mono/unityjit-win32'
Mono config path = 'C:/Program Files/Unity/Hub/Editor/2021.3.19f1/Editor/Data/MonoBleedingEdge/etc'
Using monoOptions --debugger-agent=transport=dt_socket,embedding=1,server=y,suspend=n,address=127.0.0.1:56352
Begin MonoManager ReloadAssembly
Registering precompiled unity dll's ...
Register platform support module: C:/Program Files/Unity/Hub/Editor/2021.3.19f1/Editor/Data/PlaybackEngines/WebGLSupport/UnityEditor.WebGL.Extensions.dll
Register platform support module: C:/Program Files/Unity/Hub/Editor/2021.3.19f1/Editor/Data/PlaybackEngines/AndroidPlayer/UnityEditor.Android.Extensions.dll
Register platform support module: C:/Program Files/Unity/Hub/Editor/2021.3.19f1/Editor/Data/PlaybackEngines/iOSSupport/UnityEditor.iOS.Extensions.dll
Register platform support module: C:/Program Files/Unity/Hub/Editor/2021.3.19f1/Editor/Data/PlaybackEngines/WindowsStandaloneSupport/UnityEditor.WindowsStandalone.Extensions.dll
Registered in 0.003814 seconds.
Native extension for WindowsStandalone target not found
[usbmuxd] Start listen thread
[usbmuxd] Listen thread started
Native extension for iOS target not found
Native extension for Android target not found
Android Extension - Scanning For ADB Devices 1716 ms
Native extension for WebGL target not found
Refreshing native plugins compatible for Editor in 72.25 ms, found 4 plugins.
Preloading 0 native plugins for Editor in 0.00 ms.
Mono: successfully reloaded assembly
- Completed reload, in  2.202 seconds
Domain Reload Profiling:
	ReloadAssembly (2203ms)
		BeginReloadAssembly (49ms)
			ExecutionOrderSort (0ms)
			DisableScriptedObjects (0ms)
			BackupInstance (0ms)
			ReleaseScriptingObjects (0ms)
			CreateAndSetChildDomain (1ms)
		EndReloadAssembly (2066ms)
			LoadAssemblies (48ms)
			RebuildTransferFunctionScriptingTraits (0ms)
			SetupTypeCache (71ms)
			ReleaseScriptCaches (0ms)
			RebuildScriptCaches (19ms)
			SetupLoadedEditorAssemblies (1938ms)
				LogAssemblyErrors (0ms)
				InitializePlatformSupportModulesInManaged (1769ms)
				SetLoadedEditorAssemblies (0ms)
				RefreshPlugins (72ms)
				BeforeProcessingInitializeOnLoad (1ms)
				ProcessInitializeOnLoadAttributes (63ms)
				ProcessInitializeOnLoadMethodAttributes (32ms)
				AfterProcessingInitializeOnLoad (0ms)
				EditorAssembliesLoaded (0ms)
			ExecutionOrderSort2 (0ms)
			AwakeInstancesAfterBackupRestoration (0ms)
Platform modules already initialized, skipping
Registering precompiled user dll's ...
Registered in 0.003409 seconds.
Begin MonoManager ReloadAssembly
Symbol file LoadedFromMemory doesn't match image C:\Users\vipvi\OneDrive\Documents\GitHub\Alchemy\Alchemy\Library\PackageCache\com.unity.visualscripting@1.8.0\Editor\VisualScripting.Core\Dependencies\YamlDotNet\Unity.VisualScripting.YamlDotNet.dll
Symbol file LoadedFromMemory doesn't match image C:\Users\vipvi\OneDrive\Documents\GitHub\Alchemy\Alchemy\Library\PackageCache\com.unity.visualscripting@1.8.0\Editor\VisualScripting.Core\Dependencies\DotNetZip\Unity.VisualScripting.IonicZip.dll
Native extension for WindowsStandalone target not found
Native extension for iOS target not found
Native extension for Android target not found
Native extension for WebGL target not found
Refreshing native plugins compatible for Editor in 64.74 ms, found 4 plugins.
Preloading 0 native plugins for Editor in 0.00 ms.
Mono: successfully reloaded assembly
- Completed reload, in  0.812 seconds
Domain Reload Profiling:
	ReloadAssembly (813ms)
		BeginReloadAssembly (71ms)
			ExecutionOrderSort (0ms)
			DisableScriptedObjects (4ms)
			BackupInstance (0ms)
			ReleaseScriptingObjects (0ms)
			CreateAndSetChildDomain (13ms)
		EndReloadAssembly (661ms)
			LoadAssemblies (54ms)
			RebuildTransferFunctionScriptingTraits (0ms)
			SetupTypeCache (170ms)
			ReleaseScriptCaches (0ms)
			RebuildScriptCaches (43ms)
			SetupLoadedEditorAssemblies (339ms)
				LogAssemblyErrors (0ms)
				InitializePlatformSupportModulesInManaged (23ms)
				SetLoadedEditorAssemblies (0ms)
				RefreshPlugins (65ms)
				BeforeProcessingInitializeOnLoad (60ms)
				ProcessInitializeOnLoadAttributes (156ms)
				ProcessInitializeOnLoadMethodAttributes (31ms)
				AfterProcessingInitializeOnLoad (3ms)
				EditorAssembliesLoaded (0ms)
			ExecutionOrderSort2 (0ms)
			AwakeInstancesAfterBackupRestoration (5ms)
Platform modules already initialized, skipping
========================================================================
Worker process is ready to serve import requests
Launched and connected shader compiler UnityShaderCompiler.exe after 0.03 seconds
Refreshing native plugins compatible for Editor in 0.41 ms, found 4 plugins.
Preloading 0 native plugins for Editor in 0.00 ms.
Unloading 3802 Unused Serialized files (Serialized files now loaded: 0)
Unloading 41 unused Assets / (229.1 KB). Loaded Objects now: 4259.
Memory consumption went from 146.7 MB to 146.4 MB.
Total: 2.527900 ms (FindLiveObjects: 0.221800 ms CreateObjectMapping: 0.184000 ms MarkObjects: 1.995100 ms  DeleteObjects: 0.126200 ms)

AssetImportParameters requested are different than current active one (requested -> active):
  custom:video-decoder-ogg-theora: a1e56fd34408186e4bbccfd4996cb3dc -> 
  custom:container-muxer-webm: aa71ff27fc2769a1b78a27578f13a17b -> 
  custom:container-demuxer-webm: 4f35f7cbe854078d1ac9338744f61a02 -> 
  custom:video-encoder-webm-vp8: eb34c28f22e8b96e1ab97ce403110664 -> 
  custom:video-codec-MediaFoundation-h265: 746d11721c4dcdbdad8f713fa42b33f4 -> 
  custom:audio-encoder-webm-vorbis: bf7c407c2cedff20999df2af8eb42d56 -> 
  custom:framework-win-MediaFoundation: 216162199b28c13a410421893ffa2e32 -> 
  custom:container-demuxer-ogg: 62fdf1f143b41e24485cea50d1cbac27 -> 
  custom:video-decoder-webm-vp8: 9c59270c3fd7afecdb556c50c9e8de78 -> 
  custom:audio-decoder-ogg-vorbis: bf7c407c2cedff20999df2af8eb42d56 -> 
========================================================================
Received Import Request.
  Time since last request: 321.539045 seconds.
  path: Assets/ofont.asset
  artifactKey: Guid(e9e22bbef933be94cbfb86d0e0963ddf) Importer(815301076,1909f56bfc062723c751e8b465ee728b)
Start importing Assets/ofont.asset using Guid(e9e22bbef933be94cbfb86d0e0963ddf) Importer(815301076,1909f56bfc062723c751e8b465ee728b)  -> (artifact id: '5a187b575469f733c9944c9a0ad43313') in 0.124337 seconds 
========================================================================
Received Import Request.
  Time since last request: 0.000024 seconds.
  path: Assets/ofont.ru_Boozy (1).ttf
  artifactKey: Guid(4ba66711fa5096047a125690d8b7b7f4) Importer(815301076,1909f56bfc062723c751e8b465ee728b)
Start importing Assets/ofont.ru_Boozy (1).ttf using Guid(4ba66711fa5096047a125690d8b7b7f4) Importer(815301076,1909f56bfc062723c751e8b465ee728b)  -> (artifact id: '9ecc46e89c02501f52b77ea6242825ab') in 0.021969 seconds 
========================================================================
Received Import Request.
  Time since last request: 173.283015 seconds.
  path: Assets/Scripts
  artifactKey: Guid(9d95176611eb5ed4393888d4fc2a4f5c) Importer(815301076,1909f56bfc062723c751e8b465ee728b)
Start importing Assets/Scripts using Guid(9d95176611eb5ed4393888d4fc2a4f5c) Importer(815301076,1909f56bfc062723c751e8b465ee728b)  -> (artifact id: '8c382f5b5aa42cc0dc894e3d8b6422fd') in 0.001208 seconds 
========================================================================
Received Import Request.
  Time since last request: 0.504895 seconds.
  path: Assets/Scripts/New Scripts
  artifactKey: Guid(d856701a0dc75764f9b17a243d63a130) Importer(815301076,1909f56bfc062723c751e8b465ee728b)
Start importing Assets/Scripts/New Scripts using Guid(d856701a0dc75764f9b17a243d63a130) Importer(815301076,1909f56bfc062723c751e8b465ee728b)  -> (artifact id: 'f7f9b986c5a5c9e18a6c78f564d2e9a3') in 0.001224 seconds 
========================================================================
Received Import Request.
  Time since last request: 1.308871 seconds.
  path: Assets/Scripts/New Scripts/ButtonFunction.cs
  artifactKey: Guid(5c3b43329382f894c8fa28892d24d070) Importer(815301076,1909f56bfc062723c751e8b465ee728b)
Start importing Assets/Scripts/New Scripts/ButtonFunction.cs using Guid(5c3b43329382f894c8fa28892d24d070) Importer(815301076,1909f56bfc062723c751e8b465ee728b)  -> (artifact id: '83e34f15de6da973911965aed9fd2fd0') in 0.003929 seconds 
========================================================================
Received Prepare
Registering precompiled user dll's ...
Registered in 0.003094 seconds.
Begin MonoManager ReloadAssembly
Symbol file LoadedFromMemory doesn't match image C:\Users\vipvi\OneDrive\Documents\GitHub\Alchemy\Alchemy\Library\PackageCache\com.unity.visualscripting@1.8.0\Editor\VisualScripting.Core\Dependencies\YamlDotNet\Unity.VisualScripting.YamlDotNet.dll
Symbol file LoadedFromMemory doesn't match image C:\Users\vipvi\OneDrive\Documents\GitHub\Alchemy\Alchemy\Library\PackageCache\com.unity.visualscripting@1.8.0\Editor\VisualScripting.Core\Dependencies\DotNetZip\Unity.VisualScripting.IonicZip.dll
Native extension for WindowsStandalone target not found
Native extension for iOS target not found
Native extension for Android target not found
Native extension for WebGL target not found
Refreshing native plugins compatible for Editor in 0.41 ms, found 4 plugins.
Preloading 0 native plugins for Editor in 0.00 ms.
Mono: successfully reloaded assembly
- Completed reload, in  0.678 seconds
Domain Reload Profiling:
	ReloadAssembly (678ms)
		BeginReloadAssembly (98ms)
			ExecutionOrderSort (0ms)
			DisableScriptedObjects (4ms)
			BackupInstance (0ms)
			ReleaseScriptingObjects (0ms)
			CreateAndSetChildDomain (30ms)
		EndReloadAssembly (496ms)
			LoadAssemblies (61ms)
			RebuildTransferFunctionScriptingTraits (0ms)
			SetupTypeCache (151ms)
			ReleaseScriptCaches (1ms)
			RebuildScriptCaches (33ms)
			SetupLoadedEditorAssemblies (221ms)
				LogAssemblyErrors (0ms)
				InitializePlatformSupportModulesInManaged (23ms)
				SetLoadedEditorAssemblies (0ms)
				RefreshPlugins (0ms)
				BeforeProcessingInitializeOnLoad (45ms)
				ProcessInitializeOnLoadAttributes (129ms)
				ProcessInitializeOnLoadMethodAttributes (21ms)
				AfterProcessingInitializeOnLoad (3ms)
				EditorAssembliesLoaded (0ms)
			ExecutionOrderSort2 (0ms)
			AwakeInstancesAfterBackupRestoration (5ms)
Platform modules already initialized, skipping
Refreshing native plugins compatible for Editor in 1.85 ms, found 4 plugins.
Preloading 0 native plugins for Editor in 0.00 ms.
Unloading 3784 Unused Serialized files (Serialized files now loaded: 0)
Unloading 28 unused Assets / (195.6 KB). Loaded Objects now: 4307.
Memory consumption went from 149.6 MB to 149.4 MB.
Total: 2.117800 ms (FindLiveObjects: 0.166900 ms CreateObjectMapping: 0.081100 ms MarkObjects: 1.754300 ms  DeleteObjects: 0.114700 ms)

AssetImportParameters requested are different than current active one (requested -> active):
  custom:video-decoder-ogg-theora: a1e56fd34408186e4bbccfd4996cb3dc -> 
  custom:container-muxer-webm: aa71ff27fc2769a1b78a27578f13a17b -> 
  custom:container-demuxer-webm: 4f35f7cbe854078d1ac9338744f61a02 -> 
  custom:video-encoder-webm-vp8: eb34c28f22e8b96e1ab97ce403110664 -> 
  custom:video-codec-MediaFoundation-h265: 746d11721c4dcdbdad8f713fa42b33f4 -> 
  custom:audio-encoder-webm-vorbis: bf7c407c2cedff20999df2af8eb42d56 -> 
  custom:framework-win-MediaFoundation: 216162199b28c13a410421893ffa2e32 -> 
  custom:container-demuxer-ogg: 62fdf1f143b41e24485cea50d1cbac27 -> 
  custom:video-decoder-webm-vp8: 9c59270c3fd7afecdb556c50c9e8de78 -> 
  custom:audio-decoder-ogg-vorbis: bf7c407c2cedff20999df2af8eb42d56 -> 
========================================================================
Received Prepare
Registering precompiled user dll's ...
Registered in 0.004583 seconds.
Begin MonoManager ReloadAssembly
Symbol file LoadedFromMemory doesn't match image C:\Users\vipvi\OneDrive\Documents\GitHub\Alchemy\Alchemy\Library\PackageCache\com.unity.visualscripting@1.8.0\Editor\VisualScripting.Core\Dependencies\YamlDotNet\Unity.VisualScripting.YamlDotNet.dll
Symbol file LoadedFromMemory doesn't match image C:\Users\vipvi\OneDrive\Documents\GitHub\Alchemy\Alchemy\Library\PackageCache\com.unity.visualscripting@1.8.0\Editor\VisualScripting.Core\Dependencies\DotNetZip\Unity.VisualScripting.IonicZip.dll
Native extension for WindowsStandalone target not found
Native extension for iOS target not found
Native extension for Android target not found
Native extension for WebGL target not found
Refreshing native plugins compatible for Editor in 0.44 ms, found 4 plugins.
Preloading 0 native plugins for Editor in 0.00 ms.
Mono: successfully reloaded assembly
- Completed reload, in  0.691 seconds
Domain Reload Profiling:
	ReloadAssembly (691ms)
		BeginReloadAssembly (106ms)
			ExecutionOrderSort (0ms)
			DisableScriptedObjects (6ms)
			BackupInstance (0ms)
			ReleaseScriptingObjects (0ms)
			CreateAndSetChildDomain (32ms)
		EndReloadAssembly (512ms)
			LoadAssemblies (60ms)
			RebuildTransferFunctionScriptingTraits (0ms)
			SetupTypeCache (154ms)
			ReleaseScriptCaches (1ms)
			RebuildScriptCaches (30ms)
			SetupLoadedEditorAssemblies (232ms)
				LogAssemblyErrors (0ms)
				InitializePlatformSupportModulesInManaged (27ms)
				SetLoadedEditorAssemblies (0ms)
				RefreshPlugins (0ms)
				BeforeProcessingInitializeOnLoad (47ms)
				ProcessInitializeOnLoadAttributes (130ms)
				ProcessInitializeOnLoadMethodAttributes (24ms)
				AfterProcessingInitializeOnLoad (3ms)
				EditorAssembliesLoaded (0ms)
			ExecutionOrderSort2 (0ms)
			AwakeInstancesAfterBackupRestoration (6ms)
Platform modules already initialized, skipping
Refreshing native plugins compatible for Editor in 1.21 ms, found 4 plugins.
Preloading 0 native plugins for Editor in 0.00 ms.
Unloading 3784 Unused Serialized files (Serialized files now loaded: 0)
Unloading 28 unused Assets / (195.7 KB). Loaded Objects now: 4310.
Memory consumption went from 149.6 MB to 149.5 MB.
Total: 2.276900 ms (FindLiveObjects: 0.172500 ms CreateObjectMapping: 0.098200 ms MarkObjects: 1.903600 ms  DeleteObjects: 0.101700 ms)

AssetImportParameters requested are different than current active one (requested -> active):
  custom:video-decoder-ogg-theora: a1e56fd34408186e4bbccfd4996cb3dc -> 
  custom:container-muxer-webm: aa71ff27fc2769a1b78a27578f13a17b -> 
  custom:container-demuxer-webm: 4f35f7cbe854078d1ac9338744f61a02 -> 
  custom:video-encoder-webm-vp8: eb34c28f22e8b96e1ab97ce403110664 -> 
  custom:video-codec-MediaFoundation-h265: 746d11721c4dcdbdad8f713fa42b33f4 -> 
  custom:audio-encoder-webm-vorbis: bf7c407c2cedff20999df2af8eb42d56 -> 
  custom:framework-win-MediaFoundation: 216162199b28c13a410421893ffa2e32 -> 
  custom:container-demuxer-ogg: 62fdf1f143b41e24485cea50d1cbac27 -> 
  custom:video-decoder-webm-vp8: 9c59270c3fd7afecdb556c50c9e8de78 -> 
  custom:audio-decoder-ogg-vorbis: bf7c407c2cedff20999df2af8eb42d56 -> 
========================================================================
Received Import Request.
  Time since last request: 185.109468 seconds.
  path: Assets/Scripts/New Scripts/Spawner.cs
  artifactKey: Guid(35ec406775902fa49b2a30c58953f262) Importer(815301076,1909f56bfc062723c751e8b465ee728b)
Start importing Assets/Scripts/New Scripts/Spawner.cs using Guid(35ec406775902fa49b2a30c58953f262) Importer(815301076,1909f56bfc062723c751e8b465ee728b)  -> (artifact id: '200c58567d5ce6ad07786e39ef04f5cd') in 0.004886 seconds 
========================================================================
Received Import Request.
  Time since last request: 36.020275 seconds.
  path: Assets/Scripts/New Scripts/Spawner.cs
  artifactKey: Guid(35ec406775902fa49b2a30c58953f262) Importer(815301076,1909f56bfc062723c751e8b465ee728b)
Start importing Assets/Scripts/New Scripts/Spawner.cs using Guid(35ec406775902fa49b2a30c58953f262) Importer(815301076,1909f56bfc062723c751e8b465ee728b)  -> (artifact id: '79fea0254ae21fd1aea11336f5fe7e52') in 0.001014 seconds 
========================================================================
Received Prepare
Registering precompiled user dll's ...
Registered in 0.002960 seconds.
Begin MonoManager ReloadAssembly
Symbol file LoadedFromMemory doesn't match image C:\Users\vipvi\OneDrive\Documents\GitHub\Alchemy\Alchemy\Library\PackageCache\com.unity.visualscripting@1.8.0\Editor\VisualScripting.Core\Dependencies\YamlDotNet\Unity.VisualScripting.YamlDotNet.dll
Symbol file LoadedFromMemory doesn't match image C:\Users\vipvi\OneDrive\Documents\GitHub\Alchemy\Alchemy\Library\PackageCache\com.unity.visualscripting@1.8.0\Editor\VisualScripting.Core\Dependencies\DotNetZip\Unity.VisualScripting.IonicZip.dll
Native extension for WindowsStandalone target not found
Native extension for iOS target not found
Native extension for Android target not found
Native extension for WebGL target not found
Refreshing native plugins compatible for Editor in 0.41 ms, found 4 plugins.
Preloading 0 native plugins for Editor in 0.00 ms.
Mono: successfully reloaded assembly
- Completed reload, in  0.681 seconds
Domain Reload Profiling:
	ReloadAssembly (681ms)
		BeginReloadAssembly (101ms)
			ExecutionOrderSort (0ms)
			DisableScriptedObjects (4ms)
			BackupInstance (0ms)
			ReleaseScriptingObjects (0ms)
			CreateAndSetChildDomain (25ms)
		EndReloadAssembly (501ms)
			LoadAssemblies (64ms)
			RebuildTransferFunctionScriptingTraits (0ms)
			SetupTypeCache (156ms)
			ReleaseScriptCaches (1ms)
			RebuildScriptCaches (26ms)
			SetupLoadedEditorAssemblies (222ms)
				LogAssemblyErrors (0ms)
				InitializePlatformSupportModulesInManaged (24ms)
				SetLoadedEditorAssemblies (0ms)
				RefreshPlugins (0ms)
				BeforeProcessingInitializeOnLoad (47ms)
				ProcessInitializeOnLoadAttributes (125ms)
				ProcessInitializeOnLoadMethodAttributes (22ms)
				AfterProcessingInitializeOnLoad (3ms)
				EditorAssembliesLoaded (0ms)
			ExecutionOrderSort2 (0ms)
			AwakeInstancesAfterBackupRestoration (6ms)
Platform modules already initialized, skipping
Refreshing native plugins compatible for Editor in 1.28 ms, found 4 plugins.
Preloading 0 native plugins for Editor in 0.00 ms.
Unloading 3784 Unused Serialized files (Serialized files now loaded: 0)
Unloading 28 unused Assets / (195.5 KB). Loaded Objects now: 4313.
Memory consumption went from 149.7 MB to 149.5 MB.
Total: 2.059000 ms (FindLiveObjects: 0.161700 ms CreateObjectMapping: 0.077500 ms MarkObjects: 1.718400 ms  DeleteObjects: 0.100700 ms)

AssetImportParameters requested are different than current active one (requested -> active):
  custom:video-decoder-ogg-theora: a1e56fd34408186e4bbccfd4996cb3dc -> 
  custom:container-muxer-webm: aa71ff27fc2769a1b78a27578f13a17b -> 
  custom:container-demuxer-webm: 4f35f7cbe854078d1ac9338744f61a02 -> 
  custom:video-encoder-webm-vp8: eb34c28f22e8b96e1ab97ce403110664 -> 
  custom:video-codec-MediaFoundation-h265: 746d11721c4dcdbdad8f713fa42b33f4 -> 
  custom:audio-encoder-webm-vorbis: bf7c407c2cedff20999df2af8eb42d56 -> 
  custom:framework-win-MediaFoundation: 216162199b28c13a410421893ffa2e32 -> 
  custom:container-demuxer-ogg: 62fdf1f143b41e24485cea50d1cbac27 -> 
  custom:video-decoder-webm-vp8: 9c59270c3fd7afecdb556c50c9e8de78 -> 
  custom:audio-decoder-ogg-vorbis: bf7c407c2cedff20999df2af8eb42d56 -> 
========================================================================
Received Prepare
Registering precompiled user dll's ...
Registered in 0.002952 seconds.
Begin MonoManager ReloadAssembly
Symbol file LoadedFromMemory doesn't match image C:\Users\vipvi\OneDrive\Documents\GitHub\Alchemy\Alchemy\Library\PackageCache\com.unity.visualscripting@1.8.0\Editor\VisualScripting.Core\Dependencies\YamlDotNet\Unity.VisualScripting.YamlDotNet.dll
Symbol file LoadedFromMemory doesn't match image C:\Users\vipvi\OneDrive\Documents\GitHub\Alchemy\Alchemy\Library\PackageCache\com.unity.visualscripting@1.8.0\Editor\VisualScripting.Core\Dependencies\DotNetZip\Unity.VisualScripting.IonicZip.dll
Native extension for WindowsStandalone target not found
Native extension for iOS target not found
Native extension for Android target not found
Native extension for WebGL target not found
Refreshing native plugins compatible for Editor in 0.64 ms, found 4 plugins.
Preloading 0 native plugins for Editor in 0.00 ms.
Mono: successfully reloaded assembly
- Completed reload, in  0.654 seconds
Domain Reload Profiling:
	ReloadAssembly (654ms)
		BeginReloadAssembly (93ms)
			ExecutionOrderSort (0ms)
			DisableScriptedObjects (5ms)
			BackupInstance (0ms)
			ReleaseScriptingObjects (0ms)
			CreateAndSetChildDomain (25ms)
		EndReloadAssembly (490ms)
			LoadAssemblies (52ms)
			RebuildTransferFunctionScriptingTraits (0ms)
			SetupTypeCache (141ms)
			ReleaseScriptCaches (1ms)
			RebuildScriptCaches (32ms)
			SetupLoadedEditorAssemblies (229ms)
				LogAssemblyErrors (0ms)
				InitializePlatformSupportModulesInManaged (30ms)
				SetLoadedEditorAssemblies (0ms)
				RefreshPlugins (1ms)
				BeforeProcessingInitializeOnLoad (44ms)
				ProcessInitializeOnLoadAttributes (127ms)
				ProcessInitializeOnLoadMethodAttributes (23ms)
				AfterProcessingInitializeOnLoad (3ms)
				EditorAssembliesLoaded (0ms)
			ExecutionOrderSort2 (0ms)
			AwakeInstancesAfterBackupRestoration (5ms)
Platform modules already initialized, skipping
Refreshing native plugins compatible for Editor in 1.24 ms, found 4 plugins.
Preloading 0 native plugins for Editor in 0.00 ms.
Unloading 3783 Unused Serialized files (Serialized files now loaded: 0)
Unloading 29 unused Assets / (195.7 KB). Loaded Objects now: 4315.
Memory consumption went from 149.6 MB to 149.4 MB.
Total: 1.995100 ms (FindLiveObjects: 0.154300 ms CreateObjectMapping: 0.079300 ms MarkObjects: 1.670900 ms  DeleteObjects: 0.090100 ms)

AssetImportParameters requested are different than current active one (requested -> active):
  custom:video-decoder-ogg-theora: a1e56fd34408186e4bbccfd4996cb3dc -> 
  custom:container-muxer-webm: aa71ff27fc2769a1b78a27578f13a17b -> 
  custom:container-demuxer-webm: 4f35f7cbe854078d1ac9338744f61a02 -> 
  custom:video-encoder-webm-vp8: eb34c28f22e8b96e1ab97ce403110664 -> 
  custom:video-codec-MediaFoundation-h265: 746d11721c4dcdbdad8f713fa42b33f4 -> 
  custom:audio-encoder-webm-vorbis: bf7c407c2cedff20999df2af8eb42d56 -> 
  custom:framework-win-MediaFoundation: 216162199b28c13a410421893ffa2e32 -> 
  custom:container-demuxer-ogg: 62fdf1f143b41e24485cea50d1cbac27 -> 
  custom:video-decoder-webm-vp8: 9c59270c3fd7afecdb556c50c9e8de78 -> 
  custom:audio-decoder-ogg-vorbis: bf7c407c2cedff20999df2af8eb42d56 -> 
========================================================================
Received Import Request.
  Time since last request: 246.174280 seconds.
  path: Assets/Scripts/New Scripts/Inventory.cs
  artifactKey: Guid(34f32aecaa13ff64c9792d5aea582ebf) Importer(815301076,1909f56bfc062723c751e8b465ee728b)
Start importing Assets/Scripts/New Scripts/Inventory.cs using Guid(34f32aecaa13ff64c9792d5aea582ebf) Importer(815301076,1909f56bfc062723c751e8b465ee728b)  -> (artifact id: 'aeb1a114f29f9cdf100b0f26dc1d61c9') in 0.008205 seconds 
========================================================================
Received Import Request.
  Time since last request: 271.912568 seconds.
  path: Assets/Scripts/New Scripts/Inventory.cs
  artifactKey: Guid(34f32aecaa13ff64c9792d5aea582ebf) Importer(815301076,1909f56bfc062723c751e8b465ee728b)
Start importing Assets/Scripts/New Scripts/Inventory.cs using Guid(34f32aecaa13ff64c9792d5aea582ebf) Importer(815301076,1909f56bfc062723c751e8b465ee728b)  -> (artifact id: '47d2f9ad38007e2968bbc4e3925bea04') in 0.001226 seconds 
========================================================================
Received Import Request.
  Time since last request: 9.993808 seconds.
  path: Assets/Scripts/New Scripts/Inventory.cs
  artifactKey: Guid(34f32aecaa13ff64c9792d5aea582ebf) Importer(815301076,1909f56bfc062723c751e8b465ee728b)
Start importing Assets/Scripts/New Scripts/Inventory.cs using Guid(34f32aecaa13ff64c9792d5aea582ebf) Importer(815301076,1909f56bfc062723c751e8b465ee728b)  -> (artifact id: '532c8a95b74749cd03e3d8267bd8955c') in 0.001052 seconds 
========================================================================
Received Import Request.
  Time since last request: 94.450502 seconds.
  path: Assets/Scripts/New Scripts/Inventory.cs
  artifactKey: Guid(34f32aecaa13ff64c9792d5aea582ebf) Importer(815301076,1909f56bfc062723c751e8b465ee728b)
Start importing Assets/Scripts/New Scripts/Inventory.cs using Guid(34f32aecaa13ff64c9792d5aea582ebf) Importer(815301076,1909f56bfc062723c751e8b465ee728b)  -> (artifact id: '177ae1eb9bceb5e166072d718ad7a1eb') in 0.001306 seconds 
========================================================================
Received Prepare
Registering precompiled user dll's ...
Registered in 0.002959 seconds.
Begin MonoManager ReloadAssembly
Symbol file LoadedFromMemory doesn't match image C:\Users\vipvi\OneDrive\Documents\GitHub\Alchemy\Alchemy\Library\PackageCache\com.unity.visualscripting@1.8.0\Editor\VisualScripting.Core\Dependencies\YamlDotNet\Unity.VisualScripting.YamlDotNet.dll
Symbol file LoadedFromMemory doesn't match image C:\Users\vipvi\OneDrive\Documents\GitHub\Alchemy\Alchemy\Library\PackageCache\com.unity.visualscripting@1.8.0\Editor\VisualScripting.Core\Dependencies\DotNetZip\Unity.VisualScripting.IonicZip.dll
Native extension for WindowsStandalone target not found
Native extension for iOS target not found
Native extension for Android target not found
Native extension for WebGL target not found
Refreshing native plugins compatible for Editor in 0.42 ms, found 4 plugins.
Preloading 0 native plugins for Editor in 0.00 ms.
Mono: successfully reloaded assembly
- Completed reload, in  0.631 seconds
Domain Reload Profiling:
	ReloadAssembly (631ms)
		BeginReloadAssembly (91ms)
			ExecutionOrderSort (0ms)
			DisableScriptedObjects (5ms)
			BackupInstance (0ms)
			ReleaseScriptingObjects (0ms)
			CreateAndSetChildDomain (25ms)
		EndReloadAssembly (474ms)
			LoadAssemblies (54ms)
			RebuildTransferFunctionScriptingTraits (0ms)
			SetupTypeCache (146ms)
			ReleaseScriptCaches (1ms)
			RebuildScriptCaches (27ms)
			SetupLoadedEditorAssemblies (213ms)
				LogAssemblyErrors (0ms)
				InitializePlatformSupportModulesInManaged (25ms)
				SetLoadedEditorAssemblies (0ms)
				RefreshPlugins (0ms)
				BeforeProcessingInitializeOnLoad (43ms)
				ProcessInitializeOnLoadAttributes (120ms)
				ProcessInitializeOnLoadMethodAttributes (22ms)
				AfterProcessingInitializeOnLoad (3ms)
				EditorAssembliesLoaded (0ms)
			ExecutionOrderSort2 (0ms)
			AwakeInstancesAfterBackupRestoration (5ms)
Platform modules already initialized, skipping
Refreshing native plugins compatible for Editor in 1.22 ms, found 4 plugins.
Preloading 0 native plugins for Editor in 0.00 ms.
Unloading 3783 Unused Serialized files (Serialized files now loaded: 0)
Unloading 28 unused Assets / (195.7 KB). Loaded Objects now: 4318.
Memory consumption went from 149.6 MB to 149.5 MB.
Total: 2.158200 ms (FindLiveObjects: 0.178100 ms CreateObjectMapping: 0.077500 ms MarkObjects: 1.797300 ms  DeleteObjects: 0.104600 ms)

AssetImportParameters requested are different than current active one (requested -> active):
  custom:video-decoder-ogg-theora: a1e56fd34408186e4bbccfd4996cb3dc -> 
  custom:container-muxer-webm: aa71ff27fc2769a1b78a27578f13a17b -> 
  custom:container-demuxer-webm: 4f35f7cbe854078d1ac9338744f61a02 -> 
  custom:video-encoder-webm-vp8: eb34c28f22e8b96e1ab97ce403110664 -> 
  custom:video-codec-MediaFoundation-h265: 746d11721c4dcdbdad8f713fa42b33f4 -> 
  custom:audio-encoder-webm-vorbis: bf7c407c2cedff20999df2af8eb42d56 -> 
  custom:framework-win-MediaFoundation: 216162199b28c13a410421893ffa2e32 -> 
  custom:container-demuxer-ogg: 62fdf1f143b41e24485cea50d1cbac27 -> 
  custom:video-decoder-webm-vp8: 9c59270c3fd7afecdb556c50c9e8de78 -> 
  custom:audio-decoder-ogg-vorbis: bf7c407c2cedff20999df2af8eb42d56 -> 
========================================================================
Received Import Request.
  Time since last request: 7.333045 seconds.
  path: Assets/ScriptableObject/1 Steam.asset
  artifactKey: Guid(0c563f1da0eac4a4b869736ccdfcff77) Importer(815301076,1909f56bfc062723c751e8b465ee728b)
Start importing Assets/ScriptableObject/1 Steam.asset using Guid(0c563f1da0eac4a4b869736ccdfcff77) Importer(815301076,1909f56bfc062723c751e8b465ee728b)  -> (artifact id: '344711318aaa0d0c025634b8edeaa308') in 0.039878 seconds 
========================================================================
Received Import Request.
  Time since last request: 0.000026 seconds.
  path: Assets/ScriptableObject/3 TreeDiscription.asset
  artifactKey: Guid(9748d39a651a88d4b8af01474bf82094) Importer(815301076,1909f56bfc062723c751e8b465ee728b)
Start importing Assets/ScriptableObject/3 TreeDiscription.asset using Guid(9748d39a651a88d4b8af01474bf82094) Importer(815301076,1909f56bfc062723c751e8b465ee728b)  -> (artifact id: '05da367c898f3a5c8dd3309938444caa') in 0.002205 seconds 
========================================================================
Received Import Request.
  Time since last request: 0.000019 seconds.
  path: Assets/ScriptableObject/8 IceDiscription.asset
  artifactKey: Guid(142d0feb4c806e348840dac09327f38a) Importer(815301076,1909f56bfc062723c751e8b465ee728b)
Start importing Assets/ScriptableObject/8 IceDiscription.asset using Guid(142d0feb4c806e348840dac09327f38a) Importer(815301076,1909f56bfc062723c751e8b465ee728b)  -> (artifact id: 'c3e5ff6df631b6667e89f3c2c0498ee3') in 0.001973 seconds 
========================================================================
Received Import Request.
  Time since last request: 0.000013 seconds.
  path: Assets/ScriptableObject/10 SunDiscription.asset
  artifactKey: Guid(49cfe94336c448c42827c976f56e70e4) Importer(815301076,1909f56bfc062723c751e8b465ee728b)
Start importing Assets/ScriptableObject/10 SunDiscription.asset using Guid(49cfe94336c448c42827c976f56e70e4) Importer(815301076,1909f56bfc062723c751e8b465ee728b)  -> (artifact id: 'a3eaee0beec4387ae30dac8390b923e5') in 0.002086 seconds 
========================================================================
Received Import Request.
  Time since last request: 0.000013 seconds.
  path: Assets/ScriptableObject/4 Grass.asset
  artifactKey: Guid(a85929d2222e86e4b8eea159b2110805) Importer(815301076,1909f56bfc062723c751e8b465ee728b)
Start importing Assets/ScriptableObject/4 Grass.asset using Guid(a85929d2222e86e4b8eea159b2110805) Importer(815301076,1909f56bfc062723c751e8b465ee728b)  -> (artifact id: 'bda0edb1ecdedd77e6ea96d459721451') in 0.002886 seconds 
========================================================================
Received Import Request.
  Time since last request: 0.000013 seconds.
  path: Assets/ScriptableObject/9 Sky.asset
  artifactKey: Guid(ec9f2a0dde336bd41a0b26964ece450c) Importer(815301076,1909f56bfc062723c751e8b465ee728b)
Start importing Assets/ScriptableObject/9 Sky.asset using Guid(ec9f2a0dde336bd41a0b26964ece450c) Importer(815301076,1909f56bfc062723c751e8b465ee728b)  -> (artifact id: '3cb949f3af8e1dac01e5a30519a63650') in 0.012843 seconds 
========================================================================
Received Import Request.
  Time since last request: 0.000014 seconds.
  path: Assets/ScriptableObject/12 CoalDiscription.asset
  artifactKey: Guid(6bcecaca9a54d0743afd4b04b7670683) Importer(815301076,1909f56bfc062723c751e8b465ee728b)
Start importing Assets/ScriptableObject/12 CoalDiscription.asset using Guid(6bcecaca9a54d0743afd4b04b7670683) Importer(815301076,1909f56bfc062723c751e8b465ee728b)  -> (artifact id: '241ed1bff7eb0008ffd8a83d562898f9') in 0.002135 seconds 
========================================================================
Received Import Request.
  Time since last request: 0.000013 seconds.
  path: Assets/ScriptableObject/15 Rain.asset
  artifactKey: Guid(b874ec44f66492f48b9009fe71532ce0) Importer(815301076,1909f56bfc062723c751e8b465ee728b)
Start importing Assets/ScriptableObject/15 Rain.asset using Guid(b874ec44f66492f48b9009fe71532ce0) Importer(815301076,1909f56bfc062723c751e8b465ee728b)  -> (artifact id: '131ef5fbbc8c9267a5812547cf2d30af') in 0.002502 seconds 
========================================================================
Received Import Request.
  Time since last request: 0.000016 seconds.
  path: Assets/ScriptableObject/11 HeatDiscription.asset
  artifactKey: Guid(31b15e82f055d154a914778c8166795b) Importer(815301076,1909f56bfc062723c751e8b465ee728b)
Start importing Assets/ScriptableObject/11 HeatDiscription.asset using Guid(31b15e82f055d154a914778c8166795b) Importer(815301076,1909f56bfc062723c751e8b465ee728b)  -> (artifact id: 'cdd951584eaaed0bb442a10934edb8ab') in 0.002049 seconds 
========================================================================
Received Import Request.
  Time since last request: 0.000015 seconds.
  path: Assets/ScriptableObject/15 RainDiscription.asset
  artifactKey: Guid(8d4ba1ec4bad07f4fbf514db1b533aa3) Importer(815301076,1909f56bfc062723c751e8b465ee728b)
Start importing Assets/ScriptableObject/15 RainDiscription.asset using Guid(8d4ba1ec4bad07f4fbf514db1b533aa3) Importer(815301076,1909f56bfc062723c751e8b465ee728b)  -> (artifact id: '99877dc776319b49c1999600488035dd') in 0.001770 seconds 
========================================================================
Received Import Request.
  Time since last request: 0.000017 seconds.
  path: Assets/ScriptableObject/18 Lightning.asset
  artifactKey: Guid(d0fe2834429d05e4a823bfe5104d633e) Importer(815301076,1909f56bfc062723c751e8b465ee728b)
Start importing Assets/ScriptableObject/18 Lightning.asset using Guid(d0fe2834429d05e4a823bfe5104d633e) Importer(815301076,1909f56bfc062723c751e8b465ee728b)  -> (artifact id: '859686cdcee555d6a8d98e2c39844cd0') in 0.002548 seconds 
========================================================================
Received Import Request.
  Time since last request: 0.000018 seconds.
  path: Assets/ScriptableObject/16 MushroomDiscription.asset
  artifactKey: Guid(bca6c19df87f47d4f98e692904a10d9c) Importer(815301076,1909f56bfc062723c751e8b465ee728b)
Start importing Assets/ScriptableObject/16 MushroomDiscription.asset using Guid(bca6c19df87f47d4f98e692904a10d9c) Importer(815301076,1909f56bfc062723c751e8b465ee728b)  -> (artifact id: '6608251a7d47d9d5be81c5d6eaafd5a0') in 0.002508 seconds 
========================================================================
Received Import Request.
  Time since last request: 0.000015 seconds.
  path: Assets/ScriptableObject/3 Tree.asset
  artifactKey: Guid(89cee9611d3201d47862f3f485e88e2f) Importer(815301076,1909f56bfc062723c751e8b465ee728b)
Start importing Assets/ScriptableObject/3 Tree.asset using Guid(89cee9611d3201d47862f3f485e88e2f) Importer(815301076,1909f56bfc062723c751e8b465ee728b)  -> (artifact id: '2de9fb9b471cf85234bf0ff656f2a64a') in 0.002173 seconds 
========================================================================
Received Import Request.
  Time since last request: 0.000015 seconds.
  path: Assets/ScriptableObject/2 PlantDiscription.asset
  artifactKey: Guid(23fa83d6c6b6a7f45916ae989de406a7) Importer(815301076,1909f56bfc062723c751e8b465ee728b)
Start importing Assets/ScriptableObject/2 PlantDiscription.asset using Guid(23fa83d6c6b6a7f45916ae989de406a7) Importer(815301076,1909f56bfc062723c751e8b465ee728b)  -> (artifact id: 'a1d6cb7eeb26d86f5284d27c8065cb70') in 0.001948 seconds 
========================================================================
Received Import Request.
  Time since last request: 0.000015 seconds.
  path: Assets/ScriptableObject/11 Heat.asset
  artifactKey: Guid(42fd0e090bcf4a4419c584b99dab87df) Importer(815301076,1909f56bfc062723c751e8b465ee728b)
Start importing Assets/ScriptableObject/11 Heat.asset using Guid(42fd0e090bcf4a4419c584b99dab87df) Importer(815301076,1909f56bfc062723c751e8b465ee728b)  -> (artifact id: '729952a0529f9e7e26fb9f72bce39ba1') in 0.002697 seconds 
========================================================================
Received Import Request.
  Time since last request: 0.000014 seconds.
  path: Assets/ScriptableObject/17 RainbowDiscription.asset
  artifactKey: Guid(2f0c8d33781b1524c8634204779090d6) Importer(815301076,1909f56bfc062723c751e8b465ee728b)
Start importing Assets/ScriptableObject/17 RainbowDiscription.asset using Guid(2f0c8d33781b1524c8634204779090d6) Importer(815301076,1909f56bfc062723c751e8b465ee728b)  -> (artifact id: 'f0d4b2f41cf7bb67a9f2adc02c813bb7') in 0.001914 seconds 
========================================================================
Received Import Request.
  Time since last request: 0.000012 seconds.
  path: Assets/ScriptableObject/6 WindDiscription.asset
  artifactKey: Guid(f6140cd98f25b934690f4635f3d84220) Importer(815301076,1909f56bfc062723c751e8b465ee728b)
Start importing Assets/ScriptableObject/6 WindDiscription.asset using Guid(f6140cd98f25b934690f4635f3d84220) Importer(815301076,1909f56bfc062723c751e8b465ee728b)  -> (artifact id: 'a2ea3a01834d42c441cbef583ae75488') in 0.001656 seconds 
========================================================================
Received Import Request.
  Time since last request: 0.000013 seconds.
  path: Assets/ScriptableObject/13 RiverDiscription.asset
  artifactKey: Guid(7b3e4d9ce9fe48249b12c41762d5330d) Importer(815301076,1909f56bfc062723c751e8b465ee728b)
Start importing Assets/ScriptableObject/13 RiverDiscription.asset using Guid(7b3e4d9ce9fe48249b12c41762d5330d) Importer(815301076,1909f56bfc062723c751e8b465ee728b)  -> (artifact id: '3c35c4dceb87e2c6728b2fc1549be83c') in 0.001970 seconds 
========================================================================
Received Import Request.
  Time since last request: 0.000016 seconds.
  path: Assets/ScriptableObject/12 Coal.asset
  artifactKey: Guid(3fa90bc823813f74591b8d1e0377e735) Importer(815301076,1909f56bfc062723c751e8b465ee728b)
Start importing Assets/ScriptableObject/12 Coal.asset using Guid(3fa90bc823813f74591b8d1e0377e735) Importer(815301076,1909f56bfc062723c751e8b465ee728b)  -> (artifact id: '58ae04edb57a847d2b814b7b70348089') in 0.002565 seconds 
========================================================================
Received Import Request.
  Time since last request: 0.000015 seconds.
  path: Assets/ScriptableObject/18 LightningDiscription.asset
  artifactKey: Guid(108bb9748ba63b94499b599ff6799e74) Importer(815301076,1909f56bfc062723c751e8b465ee728b)
Start importing Assets/ScriptableObject/18 LightningDiscription.asset using Guid(108bb9748ba63b94499b599ff6799e74) Importer(815301076,1909f56bfc062723c751e8b465ee728b)  -> (artifact id: 'c1086ad8398f3d298b78cc601ff7f75d') in 0.001797 seconds 
========================================================================
Received Import Request.
  Time since last request: 0.530546 seconds.
  path: Assets/Resources/Prefabs/1 Steam.prefab
  artifactKey: Guid(7ce4143c5a6fa9f49af8d5c08cc606f4) Importer(815301076,1909f56bfc062723c751e8b465ee728b)
Start importing Assets/Resources/Prefabs/1 Steam.prefab using Guid(7ce4143c5a6fa9f49af8d5c08cc606f4) Importer(815301076,1909f56bfc062723c751e8b465ee728b)  -> (artifact id: '4b140e014e00dc0a9c7600953fbe725c') in 0.021894 seconds 
========================================================================
Received Import Request.
  Time since last request: 0.000015 seconds.
  path: Assets/Resources/Prefabs/13 River.prefab
  artifactKey: Guid(4d6fdc094a83be44c8f4f4de4869f3f5) Importer(815301076,1909f56bfc062723c751e8b465ee728b)
Start importing Assets/Resources/Prefabs/13 River.prefab using Guid(4d6fdc094a83be44c8f4f4de4869f3f5) Importer(815301076,1909f56bfc062723c751e8b465ee728b)  -> (artifact id: '593386c62897f30b4d0052a45838bf71') in 0.013927 seconds 
========================================================================
Received Import Request.
  Time since last request: 0.000014 seconds.
  path: Assets/Resources/Prefabs/17 Rainbow.prefab
  artifactKey: Guid(55885b79cab5b004cbab6b6db4ee62ba) Importer(815301076,1909f56bfc062723c751e8b465ee728b)
Start importing Assets/Resources/Prefabs/17 Rainbow.prefab using Guid(55885b79cab5b004cbab6b6db4ee62ba) Importer(815301076,1909f56bfc062723c751e8b465ee728b)  -> (artifact id: '3070e355c7d5c4579e75bfa53d4959f2') in 0.013096 seconds 
========================================================================
Received Import Request.
  Time since last request: 0.000014 seconds.
  path: Assets/Resources/Prefabs/Fire.prefab
  artifactKey: Guid(4776c309b22e85343968b0603155b911) Importer(815301076,1909f56bfc062723c751e8b465ee728b)
Start importing Assets/Resources/Prefabs/Fire.prefab using Guid(4776c309b22e85343968b0603155b911) Importer(815301076,1909f56bfc062723c751e8b465ee728b)  -> (artifact id: '70a9f69468fa0b17edf310894122f98e') in 0.014336 seconds 
========================================================================
Received Import Request.
  Time since last request: 0.000017 seconds.
  path: Assets/Resources/Prefabs/Ground.prefab
  artifactKey: Guid(c8176db224beb344d931005b273c6ee9) Importer(815301076,1909f56bfc062723c751e8b465ee728b)
Start importing Assets/Resources/Prefabs/Ground.prefab using Guid(c8176db224beb344d931005b273c6ee9) Importer(815301076,1909f56bfc062723c751e8b465ee728b)  -> (artifact id: '97365553199eaf2293d2b176e6a508c4') in 0.013026 seconds 
========================================================================
Received Import Request.
  Time since last request: 0.000015 seconds.
  path: Assets/Resources/Prefabs/11 Heat.prefab
  artifactKey: Guid(1915b87030677834186bdb22b055cc64) Importer(815301076,1909f56bfc062723c751e8b465ee728b)
Start importing Assets/Resources/Prefabs/11 Heat.prefab using Guid(1915b87030677834186bdb22b055cc64) Importer(815301076,1909f56bfc062723c751e8b465ee728b)  -> (artifact id: '96196988aad58c6a53d3501e9688a17e') in 0.013351 seconds 
========================================================================
Received Import Request.
  Time since last request: 0.000024 seconds.
  path: Assets/Resources/Prefabs/15 Rain.prefab
  artifactKey: Guid(5a81b29ad9e3cde48bf183b0663bebd5) Importer(815301076,1909f56bfc062723c751e8b465ee728b)
Start importing Assets/Resources/Prefabs/15 Rain.prefab using Guid(5a81b29ad9e3cde48bf183b0663bebd5) Importer(815301076,1909f56bfc062723c751e8b465ee728b)  -> (artifact id: 'a240a10ee79efa112ba4bb20e99ef1cf') in 0.014403 seconds 
========================================================================
Received Import Request.
  Time since last request: 0.000013 seconds.
  path: Assets/Resources/Prefabs/5 Lava.prefab
  artifactKey: Guid(c0bf276f867f9d5459f6873fd3eb8bf1) Importer(815301076,1909f56bfc062723c751e8b465ee728b)
Start importing Assets/Resources/Prefabs/5 Lava.prefab using Guid(c0bf276f867f9d5459f6873fd3eb8bf1) Importer(815301076,1909f56bfc062723c751e8b465ee728b)  -> (artifact id: '852c250a462e7d6339d2037b1b2afb49') in 0.014438 seconds 
========================================================================
Received Import Request.
  Time since last request: 0.000012 seconds.
  path: Assets/Resources/Prefabs/16 Mushroom.prefab
  artifactKey: Guid(a16d1a3300447ae4a9129331c5840aa3) Importer(815301076,1909f56bfc062723c751e8b465ee728b)
Start importing Assets/Resources/Prefabs/16 Mushroom.prefab using Guid(a16d1a3300447ae4a9129331c5840aa3) Importer(815301076,1909f56bfc062723c751e8b465ee728b)  -> (artifact id: '60a4d8a27629bf57cba1944066e5f757') in 0.012168 seconds 
========================================================================
Received Import Request.
  Time since last request: 0.000019 seconds.
  path: Assets/Resources/Prefabs/Element.prefab
  artifactKey: Guid(16f3ded5f182be64aafaec9bfd4a2c16) Importer(815301076,1909f56bfc062723c751e8b465ee728b)
Start importing Assets/Resources/Prefabs/Element.prefab using Guid(16f3ded5f182be64aafaec9bfd4a2c16) Importer(815301076,1909f56bfc062723c751e8b465ee728b)  -> (artifact id: 'b5929f68a47ab06e7f5d76d7d1d72cd0') in 0.014022 seconds 
========================================================================
Received Import Request.
  Time since last request: 0.000012 seconds.
  path: Assets/Resources/Prefabs/20 Seaweed.prefab
  artifactKey: Guid(3384ddf2fa00ceb4eaae8ea776f678ce) Importer(815301076,1909f56bfc062723c751e8b465ee728b)
Start importing Assets/Resources/Prefabs/20 Seaweed.prefab using Guid(3384ddf2fa00ceb4eaae8ea776f678ce) Importer(815301076,1909f56bfc062723c751e8b465ee728b)  -> (artifact id: 'c768943eb32b300eeb3825d77f223a45') in 0.012585 seconds 
========================================================================
Received Import Request.
  Time since last request: 0.000011 seconds.
  path: Assets/Resources/Prefabs/Recipe.prefab
  artifactKey: Guid(726f1c63504b3c8459feb4e4ed001445) Importer(815301076,1909f56bfc062723c751e8b465ee728b)
Start importing Assets/Resources/Prefabs/Recipe.prefab using Guid(726f1c63504b3c8459feb4e4ed001445) Importer(815301076,1909f56bfc062723c751e8b465ee728b)  -> (artifact id: 'a43d059e9a5a5578574c1b58aa40af45') in 0.014972 seconds 
========================================================================
Received Import Request.
  Time since last request: 0.000012 seconds.
  path: Assets/Resources/Prefabs/12 Coal.prefab
  artifactKey: Guid(46a0c3fb91730a841a367c14c0d87aa9) Importer(815301076,1909f56bfc062723c751e8b465ee728b)
Start importing Assets/Resources/Prefabs/12 Coal.prefab using Guid(46a0c3fb91730a841a367c14c0d87aa9) Importer(815301076,1909f56bfc062723c751e8b465ee728b)  -> (artifact id: 'ac81cd68074e81ad50b7ac9023d255ca') in 0.013836 seconds 
========================================================================
Received Import Request.
  Time since last request: 0.000013 seconds.
  path: Assets/Resources/Prefabs/21 Stone.prefab
  artifactKey: Guid(c5863f362cc08734986c73d4ea7a0620) Importer(815301076,1909f56bfc062723c751e8b465ee728b)
Start importing Assets/Resources/Prefabs/21 Stone.prefab using Guid(c5863f362cc08734986c73d4ea7a0620) Importer(815301076,1909f56bfc062723c751e8b465ee728b)  -> (artifact id: 'c4224b68f4582e68634ce24b49fe6448') in 0.012385 seconds 
========================================================================
Received Import Request.
  Time since last request: 0.000013 seconds.
  path: Assets/Resources/Prefabs/22 Moon.prefab
  artifactKey: Guid(902f298e926541f4990f2ab3612e289a) Importer(815301076,1909f56bfc062723c751e8b465ee728b)
Start importing Assets/Resources/Prefabs/22 Moon.prefab using Guid(902f298e926541f4990f2ab3612e289a) Importer(815301076,1909f56bfc062723c751e8b465ee728b)  -> (artifact id: 'ee970dedd514d7fbaa312458f5f54b09') in 0.012636 seconds 
========================================================================
Received Prepare
Registering precompiled user dll's ...
Registered in 0.003450 seconds.
Begin MonoManager ReloadAssembly
Symbol file LoadedFromMemory doesn't match image C:\Users\vipvi\OneDrive\Documents\GitHub\Alchemy\Alchemy\Library\PackageCache\com.unity.visualscripting@1.8.0\Editor\VisualScripting.Core\Dependencies\YamlDotNet\Unity.VisualScripting.YamlDotNet.dll
Symbol file LoadedFromMemory doesn't match image C:\Users\vipvi\OneDrive\Documents\GitHub\Alchemy\Alchemy\Library\PackageCache\com.unity.visualscripting@1.8.0\Editor\VisualScripting.Core\Dependencies\DotNetZip\Unity.VisualScripting.IonicZip.dll
Native extension for WindowsStandalone target not found
Native extension for iOS target not found
Native extension for Android target not found
Native extension for WebGL target not found
Refreshing native plugins compatible for Editor in 0.43 ms, found 4 plugins.
Preloading 0 native plugins for Editor in 0.00 ms.
Mono: successfully reloaded assembly
- Completed reload, in  0.703 seconds
Domain Reload Profiling:
	ReloadAssembly (704ms)
		BeginReloadAssembly (100ms)
			ExecutionOrderSort (0ms)
			DisableScriptedObjects (6ms)
			BackupInstance (0ms)
			ReleaseScriptingObjects (0ms)
			CreateAndSetChildDomain (26ms)
		EndReloadAssembly (530ms)
			LoadAssemblies (64ms)
			RebuildTransferFunctionScriptingTraits (0ms)
			SetupTypeCache (180ms)
			ReleaseScriptCaches (1ms)
			RebuildScriptCaches (32ms)
			SetupLoadedEditorAssemblies (226ms)
				LogAssemblyErrors (0ms)
				InitializePlatformSupportModulesInManaged (23ms)
				SetLoadedEditorAssemblies (0ms)
				RefreshPlugins (0ms)
				BeforeProcessingInitializeOnLoad (43ms)
				ProcessInitializeOnLoadAttributes (131ms)
				ProcessInitializeOnLoadMethodAttributes (25ms)
				AfterProcessingInitializeOnLoad (3ms)
				EditorAssembliesLoaded (0ms)
			ExecutionOrderSort2 (0ms)
			AwakeInstancesAfterBackupRestoration (5ms)
Platform modules already initialized, skipping
Refreshing native plugins compatible for Editor in 1.52 ms, found 4 plugins.
Preloading 0 native plugins for Editor in 0.00 ms.
Unloading 3783 Unused Serialized files (Serialized files now loaded: 0)
Unloading 28 unused Assets / (195.6 KB). Loaded Objects now: 4321.
Memory consumption went from 149.7 MB to 149.5 MB.
Total: 2.246200 ms (FindLiveObjects: 0.166500 ms CreateObjectMapping: 0.077100 ms MarkObjects: 1.899200 ms  DeleteObjects: 0.102700 ms)

AssetImportParameters requested are different than current active one (requested -> active):
  custom:video-decoder-ogg-theora: a1e56fd34408186e4bbccfd4996cb3dc -> 
  custom:container-muxer-webm: aa71ff27fc2769a1b78a27578f13a17b -> 
  custom:container-demuxer-webm: 4f35f7cbe854078d1ac9338744f61a02 -> 
  custom:video-encoder-webm-vp8: eb34c28f22e8b96e1ab97ce403110664 -> 
  custom:video-codec-MediaFoundation-h265: 746d11721c4dcdbdad8f713fa42b33f4 -> 
  custom:audio-encoder-webm-vorbis: bf7c407c2cedff20999df2af8eb42d56 -> 
  custom:framework-win-MediaFoundation: 216162199b28c13a410421893ffa2e32 -> 
  custom:container-demuxer-ogg: 62fdf1f143b41e24485cea50d1cbac27 -> 
  custom:video-decoder-webm-vp8: 9c59270c3fd7afecdb556c50c9e8de78 -> 
  custom:audio-decoder-ogg-vorbis: bf7c407c2cedff20999df2af8eb42d56 -> 
Editor requested this worker to shutdown with reason: Scaling down because of idle timeout
AssetImportWorker is now disconnected from the server
Process exiting
Exiting without the bug reporter. Application will terminate with return code 0