Using pre-set license
Built from '2021.3/staging' branch; Version is '2021.3.19f1 (c9714fde33b6) revision 13201743'; Using compiler version '192829333'; Build Type 'Release'
OS: 'Windows 10  (10.0.19045) 64bit Education' Language: 'ru' Physical Memory: 7615 MB
BatchMode: 1, IsHumanControllingUs: 0, StartBugReporterOnCrash: 0, Is64bit: 1, IsPro: 1

COMMAND LINE ARGUMENTS:
D:\unity\2021.3.19f1\Editor\Unity.exe
-adb2
-batchMode
-noUpm
-name
AssetImportWorker1
-projectPath
D:/git'/Alchemy/Alchemy
-logFile
Logs/AssetImportWorker1.log
-srvPort
65488
Successfully changed project path to: D:/git'/Alchemy/Alchemy
D:/git'/Alchemy/Alchemy
[UnityMemory] Configuration Parameters - Can be set up in boot.config
    "memorysetup-bucket-allocator-granularity=16"
    "memorysetup-bucket-allocator-bucket-count=8"
    "memorysetup-bucket-allocator-block-size=33554432"
    "memorysetup-bucket-allocator-block-count=8"
    "memorysetup-main-allocator-block-size=16777216"
    "memorysetup-thread-allocator-block-size=16777216"
    "memorysetup-gfx-main-allocator-block-size=16777216"
    "memorysetup-gfx-thread-allocator-block-size=16777216"
    "memorysetup-cache-allocator-block-size=4194304"
    "memorysetup-typetree-allocator-block-size=2097152"
    "memorysetup-profiler-bucket-allocator-granularity=16"
    "memorysetup-profiler-bucket-allocator-bucket-count=8"
    "memorysetup-profiler-bucket-allocator-block-size=33554432"
    "memorysetup-profiler-bucket-allocator-block-count=8"
    "memorysetup-profiler-allocator-block-size=16777216"
    "memorysetup-profiler-editor-allocator-block-size=1048576"
    "memorysetup-temp-allocator-size-main=16777216"
    "memorysetup-job-temp-allocator-block-size=2097152"
    "memorysetup-job-temp-allocator-block-size-background=1048576"
    "memorysetup-job-temp-allocator-reduction-small-platforms=262144"
    "memorysetup-temp-allocator-size-background-worker=32768"
    "memorysetup-temp-allocator-size-job-worker=262144"
    "memorysetup-temp-allocator-size-preload-manager=33554432"
    "memorysetup-temp-allocator-size-nav-mesh-worker=65536"
    "memorysetup-temp-allocator-size-audio-worker=65536"
    "memorysetup-temp-allocator-size-cloud-worker=32768"
    "memorysetup-temp-allocator-size-gi-baking-worker=262144"
    "memorysetup-temp-allocator-size-gfx=262144"
Player connection [26176] Host "[IP] 192.168.0.2 [Port] 0 [Flags] 2 [Guid] 3685771113 [EditorId] 3685771113 [Version] 1048832 [Id] WindowsEditor(7,DESKTOP-H41ECRA) [Debug] 1 [PackageName] WindowsEditor [ProjectName] Editor" joined multi-casting on [225.0.0.222:54997]...

Player connection [26176] Host "[IP] 192.168.0.2 [Port] 0 [Flags] 2 [Guid] 3685771113 [EditorId] 3685771113 [Version] 1048832 [Id] WindowsEditor(7,DESKTOP-H41ECRA) [Debug] 1 [PackageName] WindowsEditor [ProjectName] Editor" joined alternative multi-casting on [225.0.0.222:34997]...

Refreshing native plugins compatible for Editor in 340.53 ms, found 4 plugins.
Preloading 0 native plugins for Editor in 0.00 ms.
Initialize engine version: 2021.3.19f1 (c9714fde33b6)
[Subsystems] Discovering subsystems at path D:/unity/2021.3.19f1/Editor/Data/Resources/UnitySubsystems
[Subsystems] Discovering subsystems at path D:/git'/Alchemy/Alchemy/Assets
GfxDevice: creating device client; threaded=0; jobified=0
Direct3D:
    Version:  Direct3D 11.0 [level 11.1]
    Renderer: Intel(R) UHD Graphics 620 (ID=0x5917)
    Vendor:   Intel
    VRAM:     3807 MB
    Driver:   26.20.100.7812
Initialize mono
Mono path[0] = 'D:/unity/2021.3.19f1/Editor/Data/Managed'
Mono path[1] = 'D:/unity/2021.3.19f1/Editor/Data/MonoBleedingEdge/lib/mono/unityjit-win32'
Mono config path = 'D:/unity/2021.3.19f1/Editor/Data/MonoBleedingEdge/etc'
Using monoOptions --debugger-agent=transport=dt_socket,embedding=1,server=y,suspend=n,address=127.0.0.1:56940
Begin MonoManager ReloadAssembly
Registering precompiled unity dll's ...
Register platform support module: D:/unity/2021.3.19f1/Editor/Data/PlaybackEngines/WebGLSupport/UnityEditor.WebGL.Extensions.dll
Register platform support module: D:/unity/2021.3.19f1/Editor/Data/PlaybackEngines/WindowsStandaloneSupport/UnityEditor.WindowsStandalone.Extensions.dll
Registered in 0.012027 seconds.
Native extension for WindowsStandalone target not found
Native extension for WebGL target not found
Refreshing native plugins compatible for Editor in 298.29 ms, found 4 plugins.
Preloading 0 native plugins for Editor in 0.00 ms.
Mono: successfully reloaded assembly
- Completed reload, in  2.253 seconds
Domain Reload Profiling:
	ReloadAssembly (2255ms)
		BeginReloadAssembly (216ms)
			ExecutionOrderSort (0ms)
			DisableScriptedObjects (0ms)
			BackupInstance (0ms)
			ReleaseScriptingObjects (0ms)
			CreateAndSetChildDomain (1ms)
		EndReloadAssembly (1636ms)
			LoadAssemblies (215ms)
			RebuildTransferFunctionScriptingTraits (0ms)
			SetupTypeCache (434ms)
			ReleaseScriptCaches (0ms)
			RebuildScriptCaches (87ms)
			SetupLoadedEditorAssemblies (956ms)
				LogAssemblyErrors (0ms)
				InitializePlatformSupportModulesInManaged (36ms)
				SetLoadedEditorAssemblies (1ms)
				RefreshPlugins (298ms)
				BeforeProcessingInitializeOnLoad (2ms)
				ProcessInitializeOnLoadAttributes (484ms)
				ProcessInitializeOnLoadMethodAttributes (134ms)
				AfterProcessingInitializeOnLoad (0ms)
				EditorAssembliesLoaded (0ms)
			ExecutionOrderSort2 (0ms)
			AwakeInstancesAfterBackupRestoration (0ms)
Platform modules already initialized, skipping
Registering precompiled user dll's ...
Registered in 0.015538 seconds.
Begin MonoManager ReloadAssembly
Symbol file LoadedFromMemory doesn't match image D:\git'\Alchemy\Alchemy\Library\PackageCache\com.unity.visualscripting@1.8.0\Editor\VisualScripting.Core\Dependencies\YamlDotNet\Unity.VisualScripting.YamlDotNet.dll
Symbol file LoadedFromMemory doesn't match image D:\git'\Alchemy\Alchemy\Library\PackageCache\com.unity.visualscripting@1.8.0\Editor\VisualScripting.Core\Dependencies\DotNetZip\Unity.VisualScripting.IonicZip.dll
Native extension for WindowsStandalone target not found
Native extension for WebGL target not found
Refreshing native plugins compatible for Editor in 356.78 ms, found 4 plugins.
Preloading 0 native plugins for Editor in 0.00 ms.
Mono: successfully reloaded assembly
- Completed reload, in  4.165 seconds
Domain Reload Profiling:
	ReloadAssembly (4169ms)
		BeginReloadAssembly (590ms)
			ExecutionOrderSort (0ms)
			DisableScriptedObjects (32ms)
			BackupInstance (0ms)
			ReleaseScriptingObjects (6ms)
			CreateAndSetChildDomain (167ms)
		EndReloadAssembly (3192ms)
			LoadAssemblies (216ms)
			RebuildTransferFunctionScriptingTraits (0ms)
			SetupTypeCache (850ms)
			ReleaseScriptCaches (2ms)
			RebuildScriptCaches (262ms)
			SetupLoadedEditorAssemblies (1659ms)
				LogAssemblyErrors (0ms)
				InitializePlatformSupportModulesInManaged (16ms)
				SetLoadedEditorAssemblies (1ms)
				RefreshPlugins (357ms)
				BeforeProcessingInitializeOnLoad (321ms)
				ProcessInitializeOnLoadAttributes (834ms)
				ProcessInitializeOnLoadMethodAttributes (117ms)
				AfterProcessingInitializeOnLoad (12ms)
				EditorAssembliesLoaded (0ms)
			ExecutionOrderSort2 (0ms)
			AwakeInstancesAfterBackupRestoration (30ms)
Platform modules already initialized, skipping
========================================================================
Worker process is ready to serve import requests
Launched and connected shader compiler UnityShaderCompiler.exe after 0.14 seconds
Refreshing native plugins compatible for Editor in 1.48 ms, found 4 plugins.
Preloading 0 native plugins for Editor in 0.00 ms.
Unloading 3802 Unused Serialized files (Serialized files now loaded: 0)
Unloading 35 unused Assets / (56.5 KB). Loaded Objects now: 4263.
Memory consumption went from 146.7 MB to 146.7 MB.
Total: 7.554000 ms (FindLiveObjects: 0.501100 ms CreateObjectMapping: 0.412500 ms MarkObjects: 6.418500 ms  DeleteObjects: 0.219900 ms)

AssetImportParameters requested are different than current active one (requested -> active):
  custom:video-decoder-ogg-theora: a1e56fd34408186e4bbccfd4996cb3dc -> 
  custom:container-muxer-webm: aa71ff27fc2769a1b78a27578f13a17b -> 
  custom:container-demuxer-webm: 4f35f7cbe854078d1ac9338744f61a02 -> 
  custom:video-encoder-webm-vp8: eb34c28f22e8b96e1ab97ce403110664 -> 
  custom:audio-encoder-webm-vorbis: bf7c407c2cedff20999df2af8eb42d56 -> 
  custom:framework-win-MediaFoundation: 216162199b28c13a410421893ffa2e32 -> 
  custom:container-demuxer-ogg: 62fdf1f143b41e24485cea50d1cbac27 -> 
  custom:video-decoder-webm-vp8: 9c59270c3fd7afecdb556c50c9e8de78 -> 
  custom:audio-decoder-ogg-vorbis: bf7c407c2cedff20999df2af8eb42d56 -> 
========================================================================
Received Import Request.
  Time since last request: 766900.234295 seconds.
  path: Assets/книга 1.png
  artifactKey: Guid(55ed36d3f5be1bd48b4da9ed540a2952) Importer(815301076,1909f56bfc062723c751e8b465ee728b)
Start importing Assets/книга 1.png using Guid(55ed36d3f5be1bd48b4da9ed540a2952) Importer(815301076,1909f56bfc062723c751e8b465ee728b)  -> (artifact id: 'f51d3ca2dff212d8fd4d09949365cfd3') in 0.951518 seconds 
========================================================================
Received Prepare
Registering precompiled user dll's ...
Registered in 0.010177 seconds.
Begin MonoManager ReloadAssembly
Symbol file LoadedFromMemory doesn't match image D:\git'\Alchemy\Alchemy\Library\PackageCache\com.unity.visualscripting@1.8.0\Editor\VisualScripting.Core\Dependencies\YamlDotNet\Unity.VisualScripting.YamlDotNet.dll
Symbol file LoadedFromMemory doesn't match image D:\git'\Alchemy\Alchemy\Library\PackageCache\com.unity.visualscripting@1.8.0\Editor\VisualScripting.Core\Dependencies\DotNetZip\Unity.VisualScripting.IonicZip.dll
Native extension for WindowsStandalone target not found
Native extension for WebGL target not found
Refreshing native plugins compatible for Editor in 4.20 ms, found 4 plugins.
Preloading 0 native plugins for Editor in 0.00 ms.
Mono: successfully reloaded assembly
- Completed reload, in  8.595 seconds
Domain Reload Profiling:
	ReloadAssembly (8598ms)
		BeginReloadAssembly (302ms)
			ExecutionOrderSort (0ms)
			DisableScriptedObjects (39ms)
			BackupInstance (0ms)
			ReleaseScriptingObjects (0ms)
			CreateAndSetChildDomain (69ms)
		EndReloadAssembly (8088ms)
			LoadAssemblies (181ms)
			RebuildTransferFunctionScriptingTraits (0ms)
			SetupTypeCache (622ms)
			ReleaseScriptCaches (9ms)
			RebuildScriptCaches (607ms)
			SetupLoadedEditorAssemblies (4884ms)
				LogAssemblyErrors (0ms)
				InitializePlatformSupportModulesInManaged (98ms)
				SetLoadedEditorAssemblies (5ms)
				RefreshPlugins (5ms)
				BeforeProcessingInitializeOnLoad (851ms)
				ProcessInitializeOnLoadAttributes (3045ms)
				ProcessInitializeOnLoadMethodAttributes (821ms)
				AfterProcessingInitializeOnLoad (58ms)
				EditorAssembliesLoaded (2ms)
			ExecutionOrderSort2 (0ms)
			AwakeInstancesAfterBackupRestoration (116ms)
Platform modules already initialized, skipping
Refreshing native plugins compatible for Editor in 22.03 ms, found 4 plugins.
Preloading 0 native plugins for Editor in 0.00 ms.
Unloading 3778 Unused Serialized files (Serialized files now loaded: 0)
Unloading 22 unused Assets / (24.7 KB). Loaded Objects now: 4273.
Memory consumption went from 148.6 MB to 148.6 MB.
Total: 95.813700 ms (FindLiveObjects: 46.549500 ms CreateObjectMapping: 32.245000 ms MarkObjects: 16.956200 ms  DeleteObjects: 0.058400 ms)

AssetImportParameters requested are different than current active one (requested -> active):
  custom:video-decoder-ogg-theora: a1e56fd34408186e4bbccfd4996cb3dc -> 
  custom:container-muxer-webm: aa71ff27fc2769a1b78a27578f13a17b -> 
  custom:container-demuxer-webm: 4f35f7cbe854078d1ac9338744f61a02 -> 
  custom:video-encoder-webm-vp8: eb34c28f22e8b96e1ab97ce403110664 -> 
  custom:audio-encoder-webm-vorbis: bf7c407c2cedff20999df2af8eb42d56 -> 
  custom:framework-win-MediaFoundation: 216162199b28c13a410421893ffa2e32 -> 
  custom:container-demuxer-ogg: 62fdf1f143b41e24485cea50d1cbac27 -> 
  custom:video-decoder-webm-vp8: 9c59270c3fd7afecdb556c50c9e8de78 -> 
  custom:audio-decoder-ogg-vorbis: bf7c407c2cedff20999df2af8eb42d56 -> 
========================================================================
Received Prepare
Registering precompiled user dll's ...
Registered in 0.012671 seconds.
Begin MonoManager ReloadAssembly
Symbol file LoadedFromMemory doesn't match image D:\git'\Alchemy\Alchemy\Library\PackageCache\com.unity.visualscripting@1.8.0\Editor\VisualScripting.Core\Dependencies\YamlDotNet\Unity.VisualScripting.YamlDotNet.dll
Symbol file LoadedFromMemory doesn't match image D:\git'\Alchemy\Alchemy\Library\PackageCache\com.unity.visualscripting@1.8.0\Editor\VisualScripting.Core\Dependencies\DotNetZip\Unity.VisualScripting.IonicZip.dll
Native extension for WindowsStandalone target not found
Native extension for WebGL target not found
Refreshing native plugins compatible for Editor in 8.78 ms, found 4 plugins.
Preloading 0 native plugins for Editor in 0.00 ms.
Mono: successfully reloaded assembly
- Completed reload, in 28.156 seconds
Domain Reload Profiling:
	ReloadAssembly (28158ms)
		BeginReloadAssembly (182ms)
			ExecutionOrderSort (0ms)
			DisableScriptedObjects (12ms)
			BackupInstance (0ms)
			ReleaseScriptingObjects (0ms)
			CreateAndSetChildDomain (51ms)
		EndReloadAssembly (27413ms)
			LoadAssemblies (319ms)
			RebuildTransferFunctionScriptingTraits (0ms)
			SetupTypeCache (7042ms)
			ReleaseScriptCaches (16ms)
			RebuildScriptCaches (1733ms)
			SetupLoadedEditorAssemblies (16805ms)
				LogAssemblyErrors (0ms)
				InitializePlatformSupportModulesInManaged (428ms)
				SetLoadedEditorAssemblies (12ms)
				RefreshPlugins (12ms)
				BeforeProcessingInitializeOnLoad (2839ms)
				ProcessInitializeOnLoadAttributes (9957ms)
				ProcessInitializeOnLoadMethodAttributes (3541ms)
				AfterProcessingInitializeOnLoad (8ms)
				EditorAssembliesLoaded (0ms)
			ExecutionOrderSort2 (0ms)
			AwakeInstancesAfterBackupRestoration (23ms)
Platform modules already initialized, skipping
Refreshing native plugins compatible for Editor in 2.91 ms, found 4 plugins.
Preloading 0 native plugins for Editor in 0.00 ms.
Unloading 3778 Unused Serialized files (Serialized files now loaded: 0)
Unloading 22 unused Assets / (24.7 KB). Loaded Objects now: 4276.
Memory consumption went from 148.6 MB to 148.6 MB.
Total: 4.825200 ms (FindLiveObjects: 0.372200 ms CreateObjectMapping: 0.340000 ms MarkObjects: 4.060700 ms  DeleteObjects: 0.050700 ms)

AssetImportParameters requested are different than current active one (requested -> active):
  custom:video-decoder-ogg-theora: a1e56fd34408186e4bbccfd4996cb3dc -> 
  custom:container-muxer-webm: aa71ff27fc2769a1b78a27578f13a17b -> 
  custom:container-demuxer-webm: 4f35f7cbe854078d1ac9338744f61a02 -> 
  custom:video-encoder-webm-vp8: eb34c28f22e8b96e1ab97ce403110664 -> 
  custom:audio-encoder-webm-vorbis: bf7c407c2cedff20999df2af8eb42d56 -> 
  custom:framework-win-MediaFoundation: 216162199b28c13a410421893ffa2e32 -> 
  custom:container-demuxer-ogg: 62fdf1f143b41e24485cea50d1cbac27 -> 
  custom:video-decoder-webm-vp8: 9c59270c3fd7afecdb556c50c9e8de78 -> 
  custom:audio-decoder-ogg-vorbis: bf7c407c2cedff20999df2af8eb42d56 -> 
========================================================================
Received Import Request.
  Time since last request: 4998.177601 seconds.
  path: Assets/ScriptableObject/2 Plant.asset
  artifactKey: Guid(536200e71eaa2754e80117f3af2917d2) Importer(815301076,1909f56bfc062723c751e8b465ee728b)
Start importing Assets/ScriptableObject/2 Plant.asset using Guid(536200e71eaa2754e80117f3af2917d2) Importer(815301076,1909f56bfc062723c751e8b465ee728b)  -> (artifact id: '926b62679ff8582e61c14b59f717a0f9') in 0.284546 seconds 
========================================================================
Received Import Request.
  Time since last request: 0.000087 seconds.
  path: Assets/ScriptableObject/5 LavaDiscription.asset
  artifactKey: Guid(e1a116d006a85ac4ba34678c649754f2) Importer(815301076,1909f56bfc062723c751e8b465ee728b)
Start importing Assets/ScriptableObject/5 LavaDiscription.asset using Guid(e1a116d006a85ac4ba34678c649754f2) Importer(815301076,1909f56bfc062723c751e8b465ee728b)  -> (artifact id: '28e016707946ecf2cd8119c472af3f9c') in 0.048370 seconds 
========================================================================
Received Import Request.
  Time since last request: 0.000073 seconds.
  path: Assets/ScriptableObject/8 Ice.asset
  artifactKey: Guid(1f40e61bd99465f4186f050c8ba74ab1) Importer(815301076,1909f56bfc062723c751e8b465ee728b)
Start importing Assets/ScriptableObject/8 Ice.asset using Guid(1f40e61bd99465f4186f050c8ba74ab1) Importer(815301076,1909f56bfc062723c751e8b465ee728b)  -> (artifact id: 'd5d54ff39eea2aa0e13255c44d612cde') in 0.029874 seconds 
========================================================================
Received Import Request.
  Time since last request: 0.000046 seconds.
  path: Assets/ScriptableObject/13 River.asset
  artifactKey: Guid(ad26a460fc62dfa4faff7e225514aa0f) Importer(815301076,1909f56bfc062723c751e8b465ee728b)
Start importing Assets/ScriptableObject/13 River.asset using Guid(ad26a460fc62dfa4faff7e225514aa0f) Importer(815301076,1909f56bfc062723c751e8b465ee728b)  -> (artifact id: '00c57d6ff7623f232a9c04596bcbf724') in 0.029222 seconds 
========================================================================
Received Import Request.
  Time since last request: 0.000037 seconds.
  path: Assets/ScriptableObject/23 GravityDiscription.asset
  artifactKey: Guid(ec46ab0570e2aaf4ab8ef83e6d28cfd9) Importer(815301076,1909f56bfc062723c751e8b465ee728b)
Start importing Assets/ScriptableObject/23 GravityDiscription.asset using Guid(ec46ab0570e2aaf4ab8ef83e6d28cfd9) Importer(815301076,1909f56bfc062723c751e8b465ee728b)  -> (artifact id: '6e73bb63074ec536b6e9306c439e3a31') in 0.032847 seconds 
========================================================================
Received Import Request.
  Time since last request: 0.000300 seconds.
  path: Assets/ScriptableObject/21 StoneDiscription.asset
  artifactKey: Guid(b62c210e6355cf64096b456b8d020e3d) Importer(815301076,1909f56bfc062723c751e8b465ee728b)
Start importing Assets/ScriptableObject/21 StoneDiscription.asset using Guid(b62c210e6355cf64096b456b8d020e3d) Importer(815301076,1909f56bfc062723c751e8b465ee728b)  -> (artifact id: 'e302f88e2497fa608fd11fb8d4f6cc48') in 0.020831 seconds 
========================================================================
Received Import Request.
  Time since last request: 0.000033 seconds.
  path: Assets/ScriptableObject/Water.asset
  artifactKey: Guid(98d6b0cb327922f4f899ce38871d237c) Importer(815301076,1909f56bfc062723c751e8b465ee728b)
Start importing Assets/ScriptableObject/Water.asset using Guid(98d6b0cb327922f4f899ce38871d237c) Importer(815301076,1909f56bfc062723c751e8b465ee728b)  -> (artifact id: 'e51c8cdf8f92c559ca9d943e6d23cdf5') in 0.021658 seconds 
========================================================================
Received Import Request.
  Time since last request: 0.000538 seconds.
  path: Assets/ScriptableObject/15 Rain.asset
  artifactKey: Guid(b874ec44f66492f48b9009fe71532ce0) Importer(815301076,1909f56bfc062723c751e8b465ee728b)
Start importing Assets/ScriptableObject/15 Rain.asset using Guid(b874ec44f66492f48b9009fe71532ce0) Importer(815301076,1909f56bfc062723c751e8b465ee728b)  -> (artifact id: '2b1ef06ddf806d8817008b7626ec8916') in 0.021178 seconds 
========================================================================
Received Import Request.
  Time since last request: 0.000051 seconds.
  path: Assets/ScriptableObject/15 RainDiscription.asset
  artifactKey: Guid(8d4ba1ec4bad07f4fbf514db1b533aa3) Importer(815301076,1909f56bfc062723c751e8b465ee728b)
Start importing Assets/ScriptableObject/15 RainDiscription.asset using Guid(8d4ba1ec4bad07f4fbf514db1b533aa3) Importer(815301076,1909f56bfc062723c751e8b465ee728b)  -> (artifact id: '0affd4824097c749b6289bf356b39a11') in 0.022946 seconds 
========================================================================
Received Import Request.
  Time since last request: 0.000206 seconds.
  path: Assets/ScriptableObject/16 Mushroom.asset
  artifactKey: Guid(6d60b44883a89794092a65cabebdc2ee) Importer(815301076,1909f56bfc062723c751e8b465ee728b)
Start importing Assets/ScriptableObject/16 Mushroom.asset using Guid(6d60b44883a89794092a65cabebdc2ee) Importer(815301076,1909f56bfc062723c751e8b465ee728b)  -> (artifact id: '8cb828ffe7c4aa786149541c1b0a42dd') in 0.037420 seconds 
========================================================================
Received Import Request.
  Time since last request: 0.000031 seconds.
  path: Assets/ScriptableObject/18 Lightning.asset
  artifactKey: Guid(d0fe2834429d05e4a823bfe5104d633e) Importer(815301076,1909f56bfc062723c751e8b465ee728b)
Start importing Assets/ScriptableObject/18 Lightning.asset using Guid(d0fe2834429d05e4a823bfe5104d633e) Importer(815301076,1909f56bfc062723c751e8b465ee728b)  -> (artifact id: 'a2b8ac8055a2767db1b113fc9e8d7f3e') in 0.042817 seconds 
========================================================================
Received Import Request.
  Time since last request: 0.001592 seconds.
  path: Assets/ScriptableObject/14 CloudDiscription.asset
  artifactKey: Guid(e58a45bd6a234b34fb55fae83f3cce9f) Importer(815301076,1909f56bfc062723c751e8b465ee728b)
Start importing Assets/ScriptableObject/14 CloudDiscription.asset using Guid(e58a45bd6a234b34fb55fae83f3cce9f) Importer(815301076,1909f56bfc062723c751e8b465ee728b)  -> (artifact id: '2479b6f6ef28bd8722dfe0b7fe738001') in 0.042758 seconds 
========================================================================
Received Import Request.
  Time since last request: 0.000046 seconds.
  path: Assets/ScriptableObject/11 Heat.asset
  artifactKey: Guid(42fd0e090bcf4a4419c584b99dab87df) Importer(815301076,1909f56bfc062723c751e8b465ee728b)
Start importing Assets/ScriptableObject/11 Heat.asset using Guid(42fd0e090bcf4a4419c584b99dab87df) Importer(815301076,1909f56bfc062723c751e8b465ee728b)  -> (artifact id: '8764a0a7676b051e766bf03da19b5052') in 0.109830 seconds 
========================================================================
Received Import Request.
  Time since last request: 0.025044 seconds.
  path: Assets/ScriptableObject/7 Frost.asset
  artifactKey: Guid(1e974fc41dc30bb48b77fc391aafe1a2) Importer(815301076,1909f56bfc062723c751e8b465ee728b)
Start importing Assets/ScriptableObject/7 Frost.asset using Guid(1e974fc41dc30bb48b77fc391aafe1a2) Importer(815301076,1909f56bfc062723c751e8b465ee728b)  -> (artifact id: 'b834d51390b557f10c13851a9e3b27c2') in 0.134485 seconds 
========================================================================
Received Import Request.
  Time since last request: 0.000052 seconds.
  path: Assets/ScriptableObject/17 Rainbow.asset
  artifactKey: Guid(0cdc6279ce7fbd94b977bc8e051a80c6) Importer(815301076,1909f56bfc062723c751e8b465ee728b)
Start importing Assets/ScriptableObject/17 Rainbow.asset using Guid(0cdc6279ce7fbd94b977bc8e051a80c6) Importer(815301076,1909f56bfc062723c751e8b465ee728b)  -> (artifact id: '127ad2572c1bd2323ddb4f842f60385e') in 0.037672 seconds 
========================================================================
Received Import Request.
  Time since last request: 0.000052 seconds.
  path: Assets/ScriptableObject/22 MoonDiscription.asset
  artifactKey: Guid(b58b7757a3d6e454c9755b2a1751d3ff) Importer(815301076,1909f56bfc062723c751e8b465ee728b)
Start importing Assets/ScriptableObject/22 MoonDiscription.asset using Guid(b58b7757a3d6e454c9755b2a1751d3ff) Importer(815301076,1909f56bfc062723c751e8b465ee728b)  -> (artifact id: '913c27ab4cf2fb7291380c2f5e282c98') in 0.033755 seconds 
========================================================================
Received Import Request.
  Time since last request: 0.001868 seconds.
  path: Assets/ScriptableObject/3 TreeDiscription.asset
  artifactKey: Guid(9748d39a651a88d4b8af01474bf82094) Importer(815301076,1909f56bfc062723c751e8b465ee728b)
Start importing Assets/ScriptableObject/3 TreeDiscription.asset using Guid(9748d39a651a88d4b8af01474bf82094) Importer(815301076,1909f56bfc062723c751e8b465ee728b)  -> (artifact id: '1c1d5536d8387579adf9cbdc92bf8416') in 0.027420 seconds 
========================================================================
Received Import Request.
  Time since last request: 0.000107 seconds.
  path: Assets/ScriptableObject/Ground.asset
  artifactKey: Guid(af21916d6f47bf340ba901ac1746ec5c) Importer(815301076,1909f56bfc062723c751e8b465ee728b)
Start importing Assets/ScriptableObject/Ground.asset using Guid(af21916d6f47bf340ba901ac1746ec5c) Importer(815301076,1909f56bfc062723c751e8b465ee728b)  -> (artifact id: '5b45941e72b2e2b416a1bc3726c19682') in 0.042254 seconds 
========================================================================
Received Import Request.
  Time since last request: 0.001210 seconds.
  path: Assets/ScriptableObject/6 Wind.asset
  artifactKey: Guid(b97f6ccae9b63b84f877017f295817a8) Importer(815301076,1909f56bfc062723c751e8b465ee728b)
Start importing Assets/ScriptableObject/6 Wind.asset using Guid(b97f6ccae9b63b84f877017f295817a8) Importer(815301076,1909f56bfc062723c751e8b465ee728b)  -> (artifact id: 'b4160602b3f5fd3601da0aceddb52f9c') in 0.127450 seconds 
========================================================================
Received Import Request.
  Time since last request: 0.000120 seconds.
  path: Assets/ScriptableObject/19 Forest.asset
  artifactKey: Guid(052ac0ba9e8165745ae486728653a26a) Importer(815301076,1909f56bfc062723c751e8b465ee728b)
Start importing Assets/ScriptableObject/19 Forest.asset using Guid(052ac0ba9e8165745ae486728653a26a) Importer(815301076,1909f56bfc062723c751e8b465ee728b)  -> (artifact id: '819c40337bf19dea7d24e7ec74acfd01') in 0.243566 seconds 
========================================================================
Received Import Request.
  Time since last request: 0.000083 seconds.
  path: Assets/ScriptableObject/16 MushroomDiscription.asset
  artifactKey: Guid(bca6c19df87f47d4f98e692904a10d9c) Importer(815301076,1909f56bfc062723c751e8b465ee728b)
Start importing Assets/ScriptableObject/16 MushroomDiscription.asset using Guid(bca6c19df87f47d4f98e692904a10d9c) Importer(815301076,1909f56bfc062723c751e8b465ee728b)  -> (artifact id: 'd55ca43bb06dfc1cda7d7c62f6d9cd97') in 0.036088 seconds 
========================================================================
Received Import Request.
  Time since last request: 0.000166 seconds.
  path: Assets/ScriptableObject/17 RainbowDiscription.asset
  artifactKey: Guid(2f0c8d33781b1524c8634204779090d6) Importer(815301076,1909f56bfc062723c751e8b465ee728b)
Start importing Assets/ScriptableObject/17 RainbowDiscription.asset using Guid(2f0c8d33781b1524c8634204779090d6) Importer(815301076,1909f56bfc062723c751e8b465ee728b)  -> (artifact id: 'bb04735506779f53f4b5fab3edc09f76') in 0.023272 seconds 
========================================================================
Received Import Request.
  Time since last request: 0.000031 seconds.
  path: Assets/ScriptableObject/23 Gravity.asset
  artifactKey: Guid(c29ead1dea2eba04a9764175712d098e) Importer(815301076,1909f56bfc062723c751e8b465ee728b)
Start importing Assets/ScriptableObject/23 Gravity.asset using Guid(c29ead1dea2eba04a9764175712d098e) Importer(815301076,1909f56bfc062723c751e8b465ee728b)  -> (artifact id: 'ec7815a916d76ba8f53da6cdc0707d16') in 0.021329 seconds 
========================================================================
Received Import Request.
  Time since last request: 0.000035 seconds.
  path: Assets/ScriptableObject/6 WindDiscription.asset
  artifactKey: Guid(f6140cd98f25b934690f4635f3d84220) Importer(815301076,1909f56bfc062723c751e8b465ee728b)
Start importing Assets/ScriptableObject/6 WindDiscription.asset using Guid(f6140cd98f25b934690f4635f3d84220) Importer(815301076,1909f56bfc062723c751e8b465ee728b)  -> (artifact id: '6161d1b800efde0d16841843aca05513') in 0.023720 seconds 
========================================================================
Received Import Request.
  Time since last request: 37.889596 seconds.
  path: Assets/Алхимия элементы/Elements/3 Дерево.png
  artifactKey: Guid(dc49e92da13aa2242953780e83797e2b) Importer(815301076,1909f56bfc062723c751e8b465ee728b)
Start importing Assets/Алхимия элементы/Elements/3 Дерево.png using Guid(dc49e92da13aa2242953780e83797e2b) Importer(815301076,1909f56bfc062723c751e8b465ee728b)  -> (artifact id: 'f25726144557431fb594997031f3699f') in 0.517506 seconds 
========================================================================
Received Import Request.
  Time since last request: 0.000041 seconds.
  path: Assets/Алхимия элементы/Elements/4 Трава.png
  artifactKey: Guid(e9a55b3ca939027458782c753ed87c70) Importer(815301076,1909f56bfc062723c751e8b465ee728b)
Start importing Assets/Алхимия элементы/Elements/4 Трава.png using Guid(e9a55b3ca939027458782c753ed87c70) Importer(815301076,1909f56bfc062723c751e8b465ee728b)  -> (artifact id: '5a44b25498ee277302e59a2ac52da0aa') in 0.412206 seconds 
========================================================================
Received Import Request.
  Time since last request: 0.000044 seconds.
  path: Assets/Алхимия элементы/Elements/8 Лед.png
  artifactKey: Guid(33769eabf45bbcf4998314f46c12edd1) Importer(815301076,1909f56bfc062723c751e8b465ee728b)
Start importing Assets/Алхимия элементы/Elements/8 Лед.png using Guid(33769eabf45bbcf4998314f46c12edd1) Importer(815301076,1909f56bfc062723c751e8b465ee728b)  -> (artifact id: '7ae4ffac86bf0eb66ae52805bf886291') in 0.443393 seconds 
========================================================================
Received Prepare
Registering precompiled user dll's ...
Registered in 0.016242 seconds.
Begin MonoManager ReloadAssembly
Symbol file LoadedFromMemory doesn't match image D:\git'\Alchemy\Alchemy\Library\PackageCache\com.unity.visualscripting@1.8.0\Editor\VisualScripting.Core\Dependencies\YamlDotNet\Unity.VisualScripting.YamlDotNet.dll
Symbol file LoadedFromMemory doesn't match image D:\git'\Alchemy\Alchemy\Library\PackageCache\com.unity.visualscripting@1.8.0\Editor\VisualScripting.Core\Dependencies\DotNetZip\Unity.VisualScripting.IonicZip.dll
Native extension for WindowsStandalone target not found
Native extension for WebGL target not found
Refreshing native plugins compatible for Editor in 4.42 ms, found 4 plugins.
Preloading 0 native plugins for Editor in 0.00 ms.
Mono: successfully reloaded assembly
- Completed reload, in 22.107 seconds
Domain Reload Profiling:
	ReloadAssembly (22121ms)
		BeginReloadAssembly (1712ms)
			ExecutionOrderSort (0ms)
			DisableScriptedObjects (18ms)
			BackupInstance (0ms)
			ReleaseScriptingObjects (0ms)
			CreateAndSetChildDomain (116ms)
		EndReloadAssembly (18114ms)
			LoadAssemblies (1747ms)
			RebuildTransferFunctionScriptingTraits (0ms)
			SetupTypeCache (6561ms)
			ReleaseScriptCaches (32ms)
			RebuildScriptCaches (2361ms)
			SetupLoadedEditorAssemblies (6560ms)
				LogAssemblyErrors (0ms)
				InitializePlatformSupportModulesInManaged (269ms)
				SetLoadedEditorAssemblies (16ms)
				RefreshPlugins (5ms)
				BeforeProcessingInitializeOnLoad (1296ms)
				ProcessInitializeOnLoadAttributes (4384ms)
				ProcessInitializeOnLoadMethodAttributes (483ms)
				AfterProcessingInitializeOnLoad (105ms)
				EditorAssembliesLoaded (1ms)
			ExecutionOrderSort2 (0ms)
			AwakeInstancesAfterBackupRestoration (119ms)
Platform modules already initialized, skipping
Refreshing native plugins compatible for Editor in 24.81 ms, found 4 plugins.
Preloading 0 native plugins for Editor in 0.00 ms.
Unloading 3778 Unused Serialized files (Serialized files now loaded: 0)
Unloading 22 unused Assets / (24.6 KB). Loaded Objects now: 4286.
Memory consumption went from 148.7 MB to 148.6 MB.
Total: 10.900300 ms (FindLiveObjects: 0.567500 ms CreateObjectMapping: 0.871600 ms MarkObjects: 9.331000 ms  DeleteObjects: 0.097800 ms)

AssetImportParameters requested are different than current active one (requested -> active):
  custom:video-decoder-ogg-theora: a1e56fd34408186e4bbccfd4996cb3dc -> 
  custom:container-muxer-webm: aa71ff27fc2769a1b78a27578f13a17b -> 
  custom:container-demuxer-webm: 4f35f7cbe854078d1ac9338744f61a02 -> 
  custom:video-encoder-webm-vp8: eb34c28f22e8b96e1ab97ce403110664 -> 
  custom:audio-encoder-webm-vorbis: bf7c407c2cedff20999df2af8eb42d56 -> 
  custom:framework-win-MediaFoundation: 216162199b28c13a410421893ffa2e32 -> 
  custom:container-demuxer-ogg: 62fdf1f143b41e24485cea50d1cbac27 -> 
  custom:video-decoder-webm-vp8: 9c59270c3fd7afecdb556c50c9e8de78 -> 
  custom:audio-decoder-ogg-vorbis: bf7c407c2cedff20999df2af8eb42d56 -> 
========================================================================
Received Prepare
Registering precompiled user dll's ...
Registered in 0.011599 seconds.
Begin MonoManager ReloadAssembly
Symbol file LoadedFromMemory doesn't match image D:\git'\Alchemy\Alchemy\Library\PackageCache\com.unity.visualscripting@1.8.0\Editor\VisualScripting.Core\Dependencies\YamlDotNet\Unity.VisualScripting.YamlDotNet.dll
Symbol file LoadedFromMemory doesn't match image D:\git'\Alchemy\Alchemy\Library\PackageCache\com.unity.visualscripting@1.8.0\Editor\VisualScripting.Core\Dependencies\DotNetZip\Unity.VisualScripting.IonicZip.dll
Native extension for WindowsStandalone target not found
Native extension for WebGL target not found
Refreshing native plugins compatible for Editor in 11.06 ms, found 4 plugins.
Preloading 0 native plugins for Editor in 0.00 ms.
Mono: successfully reloaded assembly
- Completed reload, in 25.791 seconds
Domain Reload Profiling:
	ReloadAssembly (25797ms)
		BeginReloadAssembly (542ms)
			ExecutionOrderSort (0ms)
			DisableScriptedObjects (15ms)
			BackupInstance (0ms)
			ReleaseScriptingObjects (0ms)
			CreateAndSetChildDomain (95ms)
		EndReloadAssembly (23242ms)
			LoadAssemblies (1077ms)
			RebuildTransferFunctionScriptingTraits (0ms)
			SetupTypeCache (6316ms)
			ReleaseScriptCaches (10ms)
			RebuildScriptCaches (1561ms)
			SetupLoadedEditorAssemblies (11593ms)
				LogAssemblyErrors (0ms)
				InitializePlatformSupportModulesInManaged (656ms)
				SetLoadedEditorAssemblies (6ms)
				RefreshPlugins (13ms)
				BeforeProcessingInitializeOnLoad (1738ms)
				ProcessInitializeOnLoadAttributes (7647ms)
				ProcessInitializeOnLoadMethodAttributes (1478ms)
				AfterProcessingInitializeOnLoad (52ms)
				EditorAssembliesLoaded (2ms)
			ExecutionOrderSort2 (0ms)
			AwakeInstancesAfterBackupRestoration (114ms)
Platform modules already initialized, skipping
Refreshing native plugins compatible for Editor in 5.74 ms, found 4 plugins.
Preloading 0 native plugins for Editor in 0.00 ms.
Unloading 3778 Unused Serialized files (Serialized files now loaded: 0)
Unloading 22 unused Assets / (24.7 KB). Loaded Objects now: 4289.
Memory consumption went from 148.7 MB to 148.6 MB.
Total: 7.000500 ms (FindLiveObjects: 0.451000 ms CreateObjectMapping: 0.394300 ms MarkObjects: 6.111100 ms  DeleteObjects: 0.042500 ms)

AssetImportParameters requested are different than current active one (requested -> active):
  custom:video-decoder-ogg-theora: a1e56fd34408186e4bbccfd4996cb3dc -> 
  custom:container-muxer-webm: aa71ff27fc2769a1b78a27578f13a17b -> 
  custom:container-demuxer-webm: 4f35f7cbe854078d1ac9338744f61a02 -> 
  custom:video-encoder-webm-vp8: eb34c28f22e8b96e1ab97ce403110664 -> 
  custom:audio-encoder-webm-vorbis: bf7c407c2cedff20999df2af8eb42d56 -> 
  custom:framework-win-MediaFoundation: 216162199b28c13a410421893ffa2e32 -> 
  custom:container-demuxer-ogg: 62fdf1f143b41e24485cea50d1cbac27 -> 
  custom:video-decoder-webm-vp8: 9c59270c3fd7afecdb556c50c9e8de78 -> 
  custom:audio-decoder-ogg-vorbis: bf7c407c2cedff20999df2af8eb42d56 -> 
========================================================================
Received Import Request.
  Time since last request: 140.172742 seconds.
  path: Assets/Resources/Prefabs/2 Plant.prefab
  artifactKey: Guid(bbcb4079b3ae5404a827378fc66bbc55) Importer(815301076,1909f56bfc062723c751e8b465ee728b)
Start importing Assets/Resources/Prefabs/2 Plant.prefab using Guid(bbcb4079b3ae5404a827378fc66bbc55) Importer(815301076,1909f56bfc062723c751e8b465ee728b)  -> (artifact id: 'effe97e671acbbd3f56251c6116e1d20') in 0.380978 seconds 
========================================================================
Received Import Request.
  Time since last request: 0.000129 seconds.
  path: Assets/Resources/Prefabs/Fire.prefab
  artifactKey: Guid(4776c309b22e85343968b0603155b911) Importer(815301076,1909f56bfc062723c751e8b465ee728b)
Start importing Assets/Resources/Prefabs/Fire.prefab using Guid(4776c309b22e85343968b0603155b911) Importer(815301076,1909f56bfc062723c751e8b465ee728b)  -> (artifact id: '9a05858e497367d021d68e61e003d56d') in 0.078827 seconds 
========================================================================
Received Import Request.
  Time since last request: 0.000057 seconds.
  path: Assets/Resources/Prefabs/Ground.prefab
  artifactKey: Guid(c8176db224beb344d931005b273c6ee9) Importer(815301076,1909f56bfc062723c751e8b465ee728b)
Start importing Assets/Resources/Prefabs/Ground.prefab using Guid(c8176db224beb344d931005b273c6ee9) Importer(815301076,1909f56bfc062723c751e8b465ee728b)  -> (artifact id: 'eaea59e49f68d1977701542324e59ab4') in 0.064276 seconds 
========================================================================
Received Import Request.
  Time since last request: 0.000151 seconds.
  path: Assets/Resources/Prefabs/15 Rain.prefab
  artifactKey: Guid(5a81b29ad9e3cde48bf183b0663bebd5) Importer(815301076,1909f56bfc062723c751e8b465ee728b)
Start importing Assets/Resources/Prefabs/15 Rain.prefab using Guid(5a81b29ad9e3cde48bf183b0663bebd5) Importer(815301076,1909f56bfc062723c751e8b465ee728b)  -> (artifact id: 'f1a91f06607d7664c48d88e1661e18ff') in 0.084168 seconds 
========================================================================
Received Import Request.
  Time since last request: 0.000035 seconds.
  path: Assets/Resources/Prefabs/16 Mushroom.prefab
  artifactKey: Guid(a16d1a3300447ae4a9129331c5840aa3) Importer(815301076,1909f56bfc062723c751e8b465ee728b)
Start importing Assets/Resources/Prefabs/16 Mushroom.prefab using Guid(a16d1a3300447ae4a9129331c5840aa3) Importer(815301076,1909f56bfc062723c751e8b465ee728b)  -> (artifact id: 'ae769413009a50400fd4f2d3890f5365') in 0.065775 seconds 
========================================================================
Received Import Request.
  Time since last request: 0.000112 seconds.
  path: Assets/Resources/Prefabs/4 Grass.prefab
  artifactKey: Guid(96e2a3de9d9acbd4e938859b1d52cd46) Importer(815301076,1909f56bfc062723c751e8b465ee728b)
Start importing Assets/Resources/Prefabs/4 Grass.prefab using Guid(96e2a3de9d9acbd4e938859b1d52cd46) Importer(815301076,1909f56bfc062723c751e8b465ee728b)  -> (artifact id: 'b49ab8718e4b6143b1b03c3f0238cd4c') in 0.061692 seconds 
========================================================================
Received Import Request.
  Time since last request: 0.000045 seconds.
  path: Assets/Resources/Prefabs/3 Tree.prefab
  artifactKey: Guid(2ad3c95402ff3b748b6404698cf90a56) Importer(815301076,1909f56bfc062723c751e8b465ee728b)
Start importing Assets/Resources/Prefabs/3 Tree.prefab using Guid(2ad3c95402ff3b748b6404698cf90a56) Importer(815301076,1909f56bfc062723c751e8b465ee728b)  -> (artifact id: 'b91221fe1e91a81b54cc73fe8cc0bdb5') in 0.072096 seconds 
========================================================================
Received Import Request.
  Time since last request: 0.000081 seconds.
  path: Assets/Resources/Prefabs/6 Wind.prefab
  artifactKey: Guid(1faf189e5c4d1454981a55d48036f412) Importer(815301076,1909f56bfc062723c751e8b465ee728b)
Start importing Assets/Resources/Prefabs/6 Wind.prefab using Guid(1faf189e5c4d1454981a55d48036f412) Importer(815301076,1909f56bfc062723c751e8b465ee728b)  -> (artifact id: '1fe5e879c344a7dae4d96cc6326dbc3d') in 0.065193 seconds 
========================================================================
Received Import Request.
  Time since last request: 0.000033 seconds.
  path: Assets/Resources/Prefabs/17 Rainbow.prefab
  artifactKey: Guid(55885b79cab5b004cbab6b6db4ee62ba) Importer(815301076,1909f56bfc062723c751e8b465ee728b)
Start importing Assets/Resources/Prefabs/17 Rainbow.prefab using Guid(55885b79cab5b004cbab6b6db4ee62ba) Importer(815301076,1909f56bfc062723c751e8b465ee728b)  -> (artifact id: '506a5df7ba149df335bed563d01d7d61') in 0.117829 seconds 
========================================================================
Received Import Request.
  Time since last request: 0.000846 seconds.
  path: Assets/Resources/Prefabs/11 Heat.prefab
  artifactKey: Guid(1915b87030677834186bdb22b055cc64) Importer(815301076,1909f56bfc062723c751e8b465ee728b)
Start importing Assets/Resources/Prefabs/11 Heat.prefab using Guid(1915b87030677834186bdb22b055cc64) Importer(815301076,1909f56bfc062723c751e8b465ee728b)  -> (artifact id: '5830eb8ac1ed121c71e5ea49e0463c24') in 0.097773 seconds 
========================================================================
Received Import Request.
  Time since last request: 0.003541 seconds.
  path: Assets/Resources/Prefabs/7 Frost.prefab
  artifactKey: Guid(32b3c2922058c5349b984fe7b508dd57) Importer(815301076,1909f56bfc062723c751e8b465ee728b)
Start importing Assets/Resources/Prefabs/7 Frost.prefab using Guid(32b3c2922058c5349b984fe7b508dd57) Importer(815301076,1909f56bfc062723c751e8b465ee728b)  -> (artifact id: '5db7355b81bb61ce2ac7f0d31b64aeb0') in 0.148324 seconds 
========================================================================
Received Import Request.
  Time since last request: 0.001822 seconds.
  path: Assets/Resources/Prefabs/Water.prefab
  artifactKey: Guid(29fdb966ad4097b48bc949eae1a05004) Importer(815301076,1909f56bfc062723c751e8b465ee728b)
Start importing Assets/Resources/Prefabs/Water.prefab using Guid(29fdb966ad4097b48bc949eae1a05004) Importer(815301076,1909f56bfc062723c751e8b465ee728b)  -> (artifact id: '5de76aa8ffc112359a63f4d71a8fbd29') in 0.083422 seconds 
========================================================================
Received Import Request.
  Time since last request: 0.000033 seconds.
  path: Assets/Resources/Prefabs/19 Forest.prefab
  artifactKey: Guid(2d11230490c214e45a9bb12eaf63d314) Importer(815301076,1909f56bfc062723c751e8b465ee728b)
Start importing Assets/Resources/Prefabs/19 Forest.prefab using Guid(2d11230490c214e45a9bb12eaf63d314) Importer(815301076,1909f56bfc062723c751e8b465ee728b)  -> (artifact id: '769fe155e2c4de071fb3b838054f3a77') in 0.102994 seconds 
========================================================================
Received Import Request.
  Time since last request: 0.000286 seconds.
  path: Assets/Resources/Prefabs/8 Ice.prefab
  artifactKey: Guid(e426be0da9791bc4ca887c30083f8aa1) Importer(815301076,1909f56bfc062723c751e8b465ee728b)
Start importing Assets/Resources/Prefabs/8 Ice.prefab using Guid(e426be0da9791bc4ca887c30083f8aa1) Importer(815301076,1909f56bfc062723c751e8b465ee728b)  -> (artifact id: '839afb5ff143af05e2b4de5088813c3d') in 0.103364 seconds 
========================================================================
Received Import Request.
  Time since last request: 0.002917 seconds.
  path: Assets/Resources/Prefabs/22 Moon.prefab
  artifactKey: Guid(902f298e926541f4990f2ab3612e289a) Importer(815301076,1909f56bfc062723c751e8b465ee728b)
Start importing Assets/Resources/Prefabs/22 Moon.prefab using Guid(902f298e926541f4990f2ab3612e289a) Importer(815301076,1909f56bfc062723c751e8b465ee728b)  -> (artifact id: 'c31f20f3beca44dfb767132ae9a7a610') in 0.068067 seconds 
Editor requested this worker to shutdown with reason: Scaling down because of idle timeout
AssetImportWorker is now disconnected from the server
Process exiting
Exiting without the bug reporter. Application will terminate with return code 0