Using pre-set license
Built from '2021.3/staging' branch; Version is '2021.3.19f1 (c9714fde33b6) revision 13201743'; Using compiler version '192829333'; Build Type 'Release'
OS: 'Windows 11  (10.0.22000) 64bit CoreSingleLanguage' Language: 'ru' Physical Memory: 16225 MB
BatchMode: 1, IsHumanControllingUs: 0, StartBugReporterOnCrash: 0, Is64bit: 1, IsPro: 1

COMMAND LINE ARGUMENTS:
C:\Program Files\Unity\Hub\Editor\2021.3.19f1\Editor\Unity.exe
-adb2
-batchMode
-noUpm
-name
AssetImportWorker1
-projectPath
C:/Users/vipvi/OneDrive/Documents/GitHub/Alchemy/Alchemy
-logFile
Logs/AssetImportWorker1.log
-srvPort
58001
Successfully changed project path to: C:/Users/vipvi/OneDrive/Documents/GitHub/Alchemy/Alchemy
C:/Users/vipvi/OneDrive/Documents/GitHub/Alchemy/Alchemy
[UnityMemory] Configuration Parameters - Can be set up in boot.config
    "memorysetup-bucket-allocator-granularity=16"
    "memorysetup-bucket-allocator-bucket-count=8"
    "memorysetup-bucket-allocator-block-size=33554432"
    "memorysetup-bucket-allocator-block-count=8"
    "memorysetup-main-allocator-block-size=16777216"
    "memorysetup-thread-allocator-block-size=16777216"
    "memorysetup-gfx-main-allocator-block-size=16777216"
    "memorysetup-gfx-thread-allocator-block-size=16777216"
    "memorysetup-cache-allocator-block-size=4194304"
    "memorysetup-typetree-allocator-block-size=2097152"
    "memorysetup-profiler-bucket-allocator-granularity=16"
    "memorysetup-profiler-bucket-allocator-bucket-count=8"
    "memorysetup-profiler-bucket-allocator-block-size=33554432"
    "memorysetup-profiler-bucket-allocator-block-count=8"
    "memorysetup-profiler-allocator-block-size=16777216"
    "memorysetup-profiler-editor-allocator-block-size=1048576"
    "memorysetup-temp-allocator-size-main=16777216"
    "memorysetup-job-temp-allocator-block-size=2097152"
    "memorysetup-job-temp-allocator-block-size-background=1048576"
    "memorysetup-job-temp-allocator-reduction-small-platforms=262144"
    "memorysetup-temp-allocator-size-background-worker=32768"
    "memorysetup-temp-allocator-size-job-worker=262144"
    "memorysetup-temp-allocator-size-preload-manager=33554432"
    "memorysetup-temp-allocator-size-nav-mesh-worker=65536"
    "memorysetup-temp-allocator-size-audio-worker=65536"
    "memorysetup-temp-allocator-size-cloud-worker=32768"
    "memorysetup-temp-allocator-size-gi-baking-worker=262144"
    "memorysetup-temp-allocator-size-gfx=262144"
Player connection [18456] Host "[IP] 192.168.0.10 [Port] 0 [Flags] 2 [Guid] 1674011716 [EditorId] 1674011716 [Version] 1048832 [Id] WindowsEditor(7,SuperPK) [Debug] 1 [PackageName] WindowsEditor [ProjectName] Editor" joined multi-casting on [225.0.0.222:54997]...

Player connection [18456] Host "[IP] 192.168.0.10 [Port] 0 [Flags] 2 [Guid] 1674011716 [EditorId] 1674011716 [Version] 1048832 [Id] WindowsEditor(7,SuperPK) [Debug] 1 [PackageName] WindowsEditor [ProjectName] Editor" joined alternative multi-casting on [225.0.0.222:34997]...

Refreshing native plugins compatible for Editor in 60.16 ms, found 4 plugins.
Preloading 0 native plugins for Editor in 0.00 ms.
Initialize engine version: 2021.3.19f1 (c9714fde33b6)
[Subsystems] Discovering subsystems at path C:/Program Files/Unity/Hub/Editor/2021.3.19f1/Editor/Data/Resources/UnitySubsystems
[Subsystems] Discovering subsystems at path C:/Users/vipvi/OneDrive/Documents/GitHub/Alchemy/Alchemy/Assets
GfxDevice: creating device client; threaded=0; jobified=0
Direct3D:
    Version:  Direct3D 11.0 [level 11.1]
    Renderer: NVIDIA GeForce RTX 3060 Ti (ID=0x2489)
    Vendor:   NVIDIA
    VRAM:     8038 MB
    Driver:   31.0.15.2756
Initialize mono
Mono path[0] = 'C:/Program Files/Unity/Hub/Editor/2021.3.19f1/Editor/Data/Managed'
Mono path[1] = 'C:/Program Files/Unity/Hub/Editor/2021.3.19f1/Editor/Data/MonoBleedingEdge/lib/mono/unityjit-win32'
Mono config path = 'C:/Program Files/Unity/Hub/Editor/2021.3.19f1/Editor/Data/MonoBleedingEdge/etc'
Using monoOptions --debugger-agent=transport=dt_socket,embedding=1,server=y,suspend=n,address=127.0.0.1:56664
Begin MonoManager ReloadAssembly
Registering precompiled unity dll's ...
Register platform support module: C:/Program Files/Unity/Hub/Editor/2021.3.19f1/Editor/Data/PlaybackEngines/WebGLSupport/UnityEditor.WebGL.Extensions.dll
Register platform support module: C:/Program Files/Unity/Hub/Editor/2021.3.19f1/Editor/Data/PlaybackEngines/AndroidPlayer/UnityEditor.Android.Extensions.dll
Register platform support module: C:/Program Files/Unity/Hub/Editor/2021.3.19f1/Editor/Data/PlaybackEngines/iOSSupport/UnityEditor.iOS.Extensions.dll
Register platform support module: C:/Program Files/Unity/Hub/Editor/2021.3.19f1/Editor/Data/PlaybackEngines/WindowsStandaloneSupport/UnityEditor.WindowsStandalone.Extensions.dll
Registered in 0.003263 seconds.
Native extension for WindowsStandalone target not found
[usbmuxd] Start listen thread
[usbmuxd] Listen thread started
Native extension for iOS target not found
Native extension for Android target not found
Android Extension - Scanning For ADB Devices 195 ms
Native extension for WebGL target not found
Refreshing native plugins compatible for Editor in 70.27 ms, found 4 plugins.
Preloading 0 native plugins for Editor in 0.00 ms.
Mono: successfully reloaded assembly
- Completed reload, in  0.656 seconds
Domain Reload Profiling:
	ReloadAssembly (656ms)
		BeginReloadAssembly (48ms)
			ExecutionOrderSort (0ms)
			DisableScriptedObjects (0ms)
			BackupInstance (0ms)
			ReleaseScriptingObjects (0ms)
			CreateAndSetChildDomain (1ms)
		EndReloadAssembly (529ms)
			LoadAssemblies (48ms)
			RebuildTransferFunctionScriptingTraits (0ms)
			SetupTypeCache (67ms)
			ReleaseScriptCaches (0ms)
			RebuildScriptCaches (17ms)
			SetupLoadedEditorAssemblies (411ms)
				LogAssemblyErrors (0ms)
				InitializePlatformSupportModulesInManaged (251ms)
				SetLoadedEditorAssemblies (0ms)
				RefreshPlugins (70ms)
				BeforeProcessingInitializeOnLoad (1ms)
				ProcessInitializeOnLoadAttributes (60ms)
				ProcessInitializeOnLoadMethodAttributes (29ms)
				AfterProcessingInitializeOnLoad (0ms)
				EditorAssembliesLoaded (0ms)
			ExecutionOrderSort2 (0ms)
			AwakeInstancesAfterBackupRestoration (0ms)
Platform modules already initialized, skipping
Registering precompiled user dll's ...
Registered in 0.003819 seconds.
Begin MonoManager ReloadAssembly
Symbol file LoadedFromMemory doesn't match image C:\Users\vipvi\OneDrive\Documents\GitHub\Alchemy\Alchemy\Library\PackageCache\com.unity.visualscripting@1.8.0\Editor\VisualScripting.Core\Dependencies\YamlDotNet\Unity.VisualScripting.YamlDotNet.dll
Symbol file LoadedFromMemory doesn't match image C:\Users\vipvi\OneDrive\Documents\GitHub\Alchemy\Alchemy\Library\PackageCache\com.unity.visualscripting@1.8.0\Editor\VisualScripting.Core\Dependencies\DotNetZip\Unity.VisualScripting.IonicZip.dll
Native extension for WindowsStandalone target not found
Native extension for iOS target not found
Native extension for Android target not found
Native extension for WebGL target not found
Refreshing native plugins compatible for Editor in 76.58 ms, found 4 plugins.
Preloading 0 native plugins for Editor in 0.00 ms.
Mono: successfully reloaded assembly
- Completed reload, in  0.813 seconds
Domain Reload Profiling:
	ReloadAssembly (813ms)
		BeginReloadAssembly (76ms)
			ExecutionOrderSort (0ms)
			DisableScriptedObjects (6ms)
			BackupInstance (0ms)
			ReleaseScriptingObjects (0ms)
			CreateAndSetChildDomain (14ms)
		EndReloadAssembly (662ms)
			LoadAssemblies (55ms)
			RebuildTransferFunctionScriptingTraits (0ms)
			SetupTypeCache (162ms)
			ReleaseScriptCaches (0ms)
			RebuildScriptCaches (46ms)
			SetupLoadedEditorAssemblies (359ms)
				LogAssemblyErrors (0ms)
				InitializePlatformSupportModulesInManaged (19ms)
				SetLoadedEditorAssemblies (0ms)
				RefreshPlugins (77ms)
				BeforeProcessingInitializeOnLoad (62ms)
				ProcessInitializeOnLoadAttributes (163ms)
				ProcessInitializeOnLoadMethodAttributes (33ms)
				AfterProcessingInitializeOnLoad (4ms)
				EditorAssembliesLoaded (0ms)
			ExecutionOrderSort2 (0ms)
			AwakeInstancesAfterBackupRestoration (4ms)
Platform modules already initialized, skipping
========================================================================
Worker process is ready to serve import requests
Launched and connected shader compiler UnityShaderCompiler.exe after 0.03 seconds
Refreshing native plugins compatible for Editor in 0.44 ms, found 4 plugins.
Preloading 0 native plugins for Editor in 0.00 ms.
Unloading 3836 Unused Serialized files (Serialized files now loaded: 0)
Unloading 36 unused Assets / (56.2 KB). Loaded Objects now: 4298.
Memory consumption went from 147.9 MB to 147.9 MB.
Total: 2.150600 ms (FindLiveObjects: 0.174600 ms CreateObjectMapping: 0.086700 ms MarkObjects: 1.825000 ms  DeleteObjects: 0.063300 ms)

AssetImportParameters requested are different than current active one (requested -> active):
  custom:video-decoder-ogg-theora: a1e56fd34408186e4bbccfd4996cb3dc -> 
  custom:container-muxer-webm: aa71ff27fc2769a1b78a27578f13a17b -> 
  custom:container-demuxer-webm: 4f35f7cbe854078d1ac9338744f61a02 -> 
  custom:video-encoder-webm-vp8: eb34c28f22e8b96e1ab97ce403110664 -> 
  custom:video-codec-MediaFoundation-h265: 746d11721c4dcdbdad8f713fa42b33f4 -> 
  custom:audio-encoder-webm-vorbis: bf7c407c2cedff20999df2af8eb42d56 -> 
  custom:framework-win-MediaFoundation: 216162199b28c13a410421893ffa2e32 -> 
  custom:container-demuxer-ogg: 62fdf1f143b41e24485cea50d1cbac27 -> 
  custom:video-decoder-webm-vp8: 9c59270c3fd7afecdb556c50c9e8de78 -> 
  custom:audio-decoder-ogg-vorbis: bf7c407c2cedff20999df2af8eb42d56 -> 
========================================================================
Received Import Request.
  Time since last request: 197.881377 seconds.
  path: Assets/Алхимия элементы/Elements/44 Гусеница.png
  artifactKey: Guid(dbb979714d1d7ac4bb9117c761eb6f1d) Importer(815301076,1909f56bfc062723c751e8b465ee728b)
Start importing Assets/Алхимия элементы/Elements/44 Гусеница.png using Guid(dbb979714d1d7ac4bb9117c761eb6f1d) Importer(815301076,1909f56bfc062723c751e8b465ee728b)  -> (artifact id: '6022eb8c373c9738c2a2d2745571d0a4') in 0.319403 seconds 
========================================================================
Received Import Request.
  Time since last request: 0.000023 seconds.
  path: Assets/Алхимия элементы/Иконка.png
  artifactKey: Guid(e922c4dfe6a756442ad4324303fdcdd6) Importer(815301076,1909f56bfc062723c751e8b465ee728b)
Start importing Assets/Алхимия элементы/Иконка.png using Guid(e922c4dfe6a756442ad4324303fdcdd6) Importer(815301076,1909f56bfc062723c751e8b465ee728b)  -> (artifact id: 'b001bd4610db521ef63803752ed4d443') in 0.076997 seconds 
========================================================================
Received Import Request.
  Time since last request: 0.000027 seconds.
  path: Assets/Алхимия элементы/Elements/16 Гриб.png
  artifactKey: Guid(a98bd0669da4cb6458ffb73991a5d7cf) Importer(815301076,1909f56bfc062723c751e8b465ee728b)
Start importing Assets/Алхимия элементы/Elements/16 Гриб.png using Guid(a98bd0669da4cb6458ffb73991a5d7cf) Importer(815301076,1909f56bfc062723c751e8b465ee728b)  -> (artifact id: '43c85f6310f3045164f2f4fbddb454db') in 0.051475 seconds 
========================================================================
Received Import Request.
  Time since last request: 0.000013 seconds.
  path: Assets/Алхимия элементы/Elements/4 Трава.png
  artifactKey: Guid(e9a55b3ca939027458782c753ed87c70) Importer(815301076,1909f56bfc062723c751e8b465ee728b)
Start importing Assets/Алхимия элементы/Elements/4 Трава.png using Guid(e9a55b3ca939027458782c753ed87c70) Importer(815301076,1909f56bfc062723c751e8b465ee728b)  -> (artifact id: 'bb07edc16174e69174e145cec6dde040') in 0.068136 seconds 
========================================================================
Received Import Request.
  Time since last request: 0.000013 seconds.
  path: Assets/Алхимия элементы/Elements/19 Лес.png
  artifactKey: Guid(e33e2a8fb2b257d4790f571901ff1831) Importer(815301076,1909f56bfc062723c751e8b465ee728b)
Start importing Assets/Алхимия элементы/Elements/19 Лес.png using Guid(e33e2a8fb2b257d4790f571901ff1831) Importer(815301076,1909f56bfc062723c751e8b465ee728b)  -> (artifact id: '901ca86507224b0a63c4e13f007f39c6') in 0.070099 seconds 
========================================================================
Received Import Request.
  Time since last request: 0.000015 seconds.
  path: Assets/Алхимия элементы/Elements/46 Мельница.png
  artifactKey: Guid(57fdcecbb7632d149b91c81c530b8d64) Importer(815301076,1909f56bfc062723c751e8b465ee728b)
Start importing Assets/Алхимия элементы/Elements/46 Мельница.png using Guid(57fdcecbb7632d149b91c81c530b8d64) Importer(815301076,1909f56bfc062723c751e8b465ee728b)  -> (artifact id: 'b398b0030057fb8e880e44bcdc73458a') in 0.239155 seconds 
========================================================================
Received Import Request.
  Time since last request: 0.000019 seconds.
  path: Assets/Алхимия элементы/Elements/49 Снег.png
  artifactKey: Guid(fba0bdb3864599547abe6795f4ba2075) Importer(815301076,1909f56bfc062723c751e8b465ee728b)
Start importing Assets/Алхимия элементы/Elements/49 Снег.png using Guid(fba0bdb3864599547abe6795f4ba2075) Importer(815301076,1909f56bfc062723c751e8b465ee728b)  -> (artifact id: '1dd525d1961399475f98bdaa6992d41e') in 0.241749 seconds 
========================================================================
Received Import Request.
  Time since last request: 0.000026 seconds.
  path: Assets/Алхимия элементы/Elements/23 Гравитация.png
  artifactKey: Guid(9c76a1027c945ae49ac47767c84f97a2) Importer(815301076,1909f56bfc062723c751e8b465ee728b)
Start importing Assets/Алхимия элементы/Elements/23 Гравитация.png using Guid(9c76a1027c945ae49ac47767c84f97a2) Importer(815301076,1909f56bfc062723c751e8b465ee728b)  -> (artifact id: '30f7d9779c104f3a9ac687d565494903') in 0.071335 seconds 
========================================================================
Received Import Request.
  Time since last request: 0.000023 seconds.
  path: Assets/Алхимия элементы/Elements/14 Облако.png
  artifactKey: Guid(a2f0bf54de911e8468c05e0645292420) Importer(815301076,1909f56bfc062723c751e8b465ee728b)
Start importing Assets/Алхимия элементы/Elements/14 Облако.png using Guid(a2f0bf54de911e8468c05e0645292420) Importer(815301076,1909f56bfc062723c751e8b465ee728b)  -> (artifact id: '4579450e85b45e81f135b9b66c59480b') in 0.073286 seconds 
========================================================================
Received Import Request.
  Time since last request: 0.000015 seconds.
  path: Assets/Алхимия элементы/Elements/34 Ящерица.png
  artifactKey: Guid(cbe5838bd9d9ab4499c7b700168dfc76) Importer(815301076,1909f56bfc062723c751e8b465ee728b)
Start importing Assets/Алхимия элементы/Elements/34 Ящерица.png using Guid(cbe5838bd9d9ab4499c7b700168dfc76) Importer(815301076,1909f56bfc062723c751e8b465ee728b)  -> (artifact id: '2cd5fbed36fc9e3340c12965c9581444') in 0.070747 seconds 
========================================================================
Received Import Request.
  Time since last request: 0.000019 seconds.
  path: Assets/Алхимия элементы/Elements/13 Река.png
  artifactKey: Guid(df766c0ccad22ed458ab8af794d41efb) Importer(815301076,1909f56bfc062723c751e8b465ee728b)
Start importing Assets/Алхимия элементы/Elements/13 Река.png using Guid(df766c0ccad22ed458ab8af794d41efb) Importer(815301076,1909f56bfc062723c751e8b465ee728b)  -> (artifact id: '445aa2b252300f6874665dc65b36ad0f') in 0.079220 seconds 
========================================================================
Received Import Request.
  Time since last request: 0.000019 seconds.
  path: Assets/Алхимия элементы/Elements/40 Рыба.png
  artifactKey: Guid(60cdfadb80cddf94a8a87fb3f05f74a2) Importer(815301076,1909f56bfc062723c751e8b465ee728b)
Start importing Assets/Алхимия элементы/Elements/40 Рыба.png using Guid(60cdfadb80cddf94a8a87fb3f05f74a2) Importer(815301076,1909f56bfc062723c751e8b465ee728b)  -> (artifact id: '4356feed5c86fc52833b7ede3d62799b') in 0.077119 seconds 
========================================================================
Received Import Request.
  Time since last request: 0.000017 seconds.
  path: Assets/Алхимия элементы/Elements/Вода.png
  artifactKey: Guid(d2f3df15dd92d5c44b162bbf2fe2c823) Importer(815301076,1909f56bfc062723c751e8b465ee728b)
Start importing Assets/Алхимия элементы/Elements/Вода.png using Guid(d2f3df15dd92d5c44b162bbf2fe2c823) Importer(815301076,1909f56bfc062723c751e8b465ee728b)  -> (artifact id: '33c1ff7ce8d66fcdbb6f3674e10ebc1a') in 0.242873 seconds 
========================================================================
Received Import Request.
  Time since last request: 0.000015 seconds.
  path: Assets/Алхимия элементы/Elements/28 Стекло.png
  artifactKey: Guid(3b9279af412cee241a1e46b4060aa53f) Importer(815301076,1909f56bfc062723c751e8b465ee728b)
Start importing Assets/Алхимия элементы/Elements/28 Стекло.png using Guid(3b9279af412cee241a1e46b4060aa53f) Importer(815301076,1909f56bfc062723c751e8b465ee728b)  -> (artifact id: 'ad25124bfd74e56d31570a6d81f43c71') in 0.073416 seconds 
========================================================================
Received Import Request.
  Time since last request: 0.000023 seconds.
  path: Assets/Алхимия элементы/Elements/1 Пар.png
  artifactKey: Guid(1d917f77157cda24b97db16037442d4c) Importer(815301076,1909f56bfc062723c751e8b465ee728b)
Start importing Assets/Алхимия элементы/Elements/1 Пар.png using Guid(1d917f77157cda24b97db16037442d4c) Importer(815301076,1909f56bfc062723c751e8b465ee728b)  -> (artifact id: 'd9b8f6f1469c5c293303c160c9c2ee39') in 0.065252 seconds 
========================================================================
Received Import Request.
  Time since last request: 22.063798 seconds.
  path: Assets/Алхимия элементы/Elements/53 Волк.png
  artifactKey: Guid(83ff2726a03806e45acda739554c044a) Importer(815301076,1909f56bfc062723c751e8b465ee728b)
Start importing Assets/Алхимия элементы/Elements/53 Волк.png using Guid(83ff2726a03806e45acda739554c044a) Importer(815301076,1909f56bfc062723c751e8b465ee728b)  -> (artifact id: 'af390117ba2871c3b5f8bb26bb1428b0') in 0.313318 seconds 
========================================================================
Received Import Request.
  Time since last request: 0.000017 seconds.
  path: Assets/Алхимия элементы/Elements/58 Зомби.png
  artifactKey: Guid(aec5b2c3d3ee62547bf1ea6f4e374ee7) Importer(815301076,1909f56bfc062723c751e8b465ee728b)
Start importing Assets/Алхимия элементы/Elements/58 Зомби.png using Guid(aec5b2c3d3ee62547bf1ea6f4e374ee7) Importer(815301076,1909f56bfc062723c751e8b465ee728b)  -> (artifact id: '9b51cd3d419abe84f2ecbe1304698dad') in 0.209549 seconds 
========================================================================
Received Import Request.
  Time since last request: 0.000025 seconds.
  path: Assets/Алхимия элементы/Elements/59 Цветок.png
  artifactKey: Guid(094f65113df93c448bfa267e5ea49e50) Importer(815301076,1909f56bfc062723c751e8b465ee728b)
Start importing Assets/Алхимия элементы/Elements/59 Цветок.png using Guid(094f65113df93c448bfa267e5ea49e50) Importer(815301076,1909f56bfc062723c751e8b465ee728b)  -> (artifact id: '5231dd59d97d2201b39f2bbc4e3d2829') in 0.233202 seconds 
